INFO INSTRUCTION: 1 | LOAD: DR => ACC | AR: 4 | IP: 1 | DR: 2 | ACC: 2 | NZC: 0 | TICK: 5| CR:{'idx': 0, 'opcode': 'load', 'operand': 4, 'address': True, 'relative': False}
INFO INSTRUCTION: 2 | STORE: ACC => RAM[AR] | AR: 3 | IP: 2 | DR: 2 | ACC: 2 | NZC: 0 | TICK: 9| CR:{'idx': 1, 'opcode': 'store', 'operand': 3, 'address': True, 'relative': False}
INFO INSTRUCTION: 3 | LOAD: DR => ACC | AR: 2 | IP: 3 | DR: 1 | ACC: 1 | NZC: 0 | TICK: 14| CR:{'idx': 2, 'opcode': 'load', 'operand': 2, 'address': True, 'relative': False}
INFO INSTRUCTION: 4 | ADD: ACC + DR => ACC | AR: 3 | IP: 4 | DR: 2 | ACC: 3 | NZC: 0 | TICK: 19| CR:{'idx': 3, 'opcode': 'add', 'operand': 3, 'address': True, 'relative': False}
INFO INSTRUCTION: 5 | STORE: ACC => RAM[AR] | AR: 4 | IP: 5 | DR: 2 | ACC: 3 | NZC: 0 | TICK: 23| CR:{'idx': 4, 'opcode': 'store', 'operand': 4, 'address': True, 'relative': False}
INFO INSTRUCTION: 6 | LOAD: DR => ACC | AR: 3 | IP: 6 | DR: 2 | ACC: 2 | NZC: 0 | TICK: 28| CR:{'idx': 5, 'opcode': 'load', 'operand': 3, 'address': True, 'relative': False}
INFO INSTRUCTION: 7 | STORE: ACC => RAM[AR] | AR: 2 | IP: 7 | DR: 2 | ACC: 2 | NZC: 0 | TICK: 32| CR:{'idx': 6, 'opcode': 'store', 'operand': 2, 'address': True, 'relative': False}
INFO INSTRUCTION: 8 | MOD: ACC % DR => ACC | AR: 7 | IP: 8 | DR: 2 | ACC: 0 | NZC: 10 | TICK: 35| CR:{'idx': 7, 'opcode': 'mod', 'operand': 2, 'address': False, 'relative': False}
INFO INSTRUCTION: 9 | JIFZ: Z: DR => IP | AR: 15 | IP: 15 | DR: 15 | ACC: 0 | NZC: 10 | TICK: 40| CR:{'idx': 8, 'opcode': 'jifz', 'operand': 15, 'address': True, 'relative': False}
INFO INSTRUCTION: 10 | LOAD: DR => ACC | AR: 5 | IP: 16 | DR: 0 | ACC: 0 | NZC: 10 | TICK: 45| CR:{'idx': 15, 'opcode': 'load', 'operand': 5, 'address': True, 'relative': False}
INFO INSTRUCTION: 11 | ADD: ACC + DR => ACC | AR: 16 | IP: 17 | DR: 2 | ACC: 2 | NZC: 0 | TICK: 50| CR:{'idx': 16, 'opcode': 'add', 'operand': 3, 'address': True, 'relative': False}
INFO INSTRUCTION: 12 | STORE: ACC => RAM[AR] | AR: 5 | IP: 18 | DR: 2 | ACC: 2 | NZC: 0 | TICK: 54| CR:{'idx': 17, 'opcode': 'store', 'operand': 5, 'address': True, 'relative': False}
INFO INSTRUCTION: 13 | JUMP: DR => IP | AR: 9 | IP: 9 | DR: 9 | ACC: 2 | NZC: 0 | TICK: 59| CR:{'idx': 18, 'opcode': 'jmp', 'operand': 9, 'address': True, 'relative': False}
INFO INSTRUCTION: 14 | LOAD: DR => ACC | AR: 3 | IP: 10 | DR: 2 | ACC: 2 | NZC: 0 | TICK: 64| CR:{'idx': 9, 'opcode': 'load', 'operand': 3, 'address': True, 'relative': False}
INFO INSTRUCTION: 15 | SUB: ACC - DR => ACC | AR: 10 | IP: 11 | DR: 4000000 | ACC: -3999998 | NZC: 100 | TICK: 67| CR:{'idx': 10, 'opcode': 'sub', 'operand': 4000000, 'address': False, 'relative': False}
INFO INSTRUCTION: 16 | JIFN:N: DR => IP | AR: 0 | IP: 0 | DR: 0 | ACC: -3999998 | NZC: 100 | TICK: 72| CR:{'idx': 11, 'opcode': 'jifn', 'operand': 0, 'address': True, 'relative': False}
INFO INSTRUCTION: 17 | LOAD: DR => ACC | AR: 4 | IP: 1 | DR: 3 | ACC: 3 | NZC: 0 | TICK: 77| CR:{'idx': 0, 'opcode': 'load', 'operand': 4, 'address': True, 'relative': False}
INFO INSTRUCTION: 18 | STORE: ACC => RAM[AR] | AR: 3 | IP: 2 | DR: 3 | ACC: 3 | NZC: 0 | TICK: 81| CR:{'idx': 1, 'opcode': 'store', 'operand': 3, 'address': True, 'relative': False}
INFO INSTRUCTION: 19 | LOAD: DR => ACC | AR: 2 | IP: 3 | DR: 2 | ACC: 2 | NZC: 0 | TICK: 86| CR:{'idx': 2, 'opcode': 'load', 'operand': 2, 'address': True, 'relative': False}
INFO INSTRUCTION: 20 | ADD: ACC + DR => ACC | AR: 3 | IP: 4 | DR: 3 | ACC: 5 | NZC: 0 | TICK: 91| CR:{'idx': 3, 'opcode': 'add', 'operand': 3, 'address': True, 'relative': False}
INFO INSTRUCTION: 21 | STORE: ACC => RAM[AR] | AR: 4 | IP: 5 | DR: 3 | ACC: 5 | NZC: 0 | TICK: 95| CR:{'idx': 4, 'opcode': 'store', 'operand': 4, 'address': True, 'relative': False}
INFO INSTRUCTION: 22 | LOAD: DR => ACC | AR: 3 | IP: 6 | DR: 3 | ACC: 3 | NZC: 0 | TICK: 100| CR:{'idx': 5, 'opcode': 'load', 'operand': 3, 'address': True, 'relative': False}
INFO INSTRUCTION: 23 | STORE: ACC => RAM[AR] | AR: 2 | IP: 7 | DR: 3 | ACC: 3 | NZC: 0 | TICK: 104| CR:{'idx': 6, 'opcode': 'store', 'operand': 2, 'address': True, 'relative': False}
INFO INSTRUCTION: 24 | MOD: ACC % DR => ACC | AR: 7 | IP: 8 | DR: 2 | ACC: 1 | NZC: 0 | TICK: 107| CR:{'idx': 7, 'opcode': 'mod', 'operand': 2, 'address': False, 'relative': False}
INFO INSTRUCTION: 25 | JIFZ: Z: DR => IP | AR: 8 | IP: 9 | DR: 2 | ACC: 1 | NZC: 0 | TICK: 112| CR:{'idx': 8, 'opcode': 'jifz', 'operand': 15, 'address': True, 'relative': False}
INFO INSTRUCTION: 26 | LOAD: DR => ACC | AR: 3 | IP: 10 | DR: 3 | ACC: 3 | NZC: 0 | TICK: 117| CR:{'idx': 9, 'opcode': 'load', 'operand': 3, 'address': True, 'relative': False}
INFO INSTRUCTION: 27 | SUB: ACC - DR => ACC | AR: 10 | IP: 11 | DR: 4000000 | ACC: -3999997 | NZC: 100 | TICK: 120| CR:{'idx': 10, 'opcode': 'sub', 'operand': 4000000, 'address': False, 'relative': False}
INFO INSTRUCTION: 28 | JIFN:N: DR => IP | AR: 0 | IP: 0 | DR: 0 | ACC: -3999997 | NZC: 100 | TICK: 125| CR:{'idx': 11, 'opcode': 'jifn', 'operand': 0, 'address': True, 'relative': False}
INFO INSTRUCTION: 29 | LOAD: DR => ACC | AR: 4 | IP: 1 | DR: 5 | ACC: 5 | NZC: 0 | TICK: 130| CR:{'idx': 0, 'opcode': 'load', 'operand': 4, 'address': True, 'relative': False}
INFO INSTRUCTION: 30 | STORE: ACC => RAM[AR] | AR: 3 | IP: 2 | DR: 5 | ACC: 5 | NZC: 0 | TICK: 134| CR:{'idx': 1, 'opcode': 'store', 'operand': 3, 'address': True, 'relative': False}
INFO INSTRUCTION: 31 | LOAD: DR => ACC | AR: 2 | IP: 3 | DR: 3 | ACC: 3 | NZC: 0 | TICK: 139| CR:{'idx': 2, 'opcode': 'load', 'operand': 2, 'address': True, 'relative': False}
INFO INSTRUCTION: 32 | ADD: ACC + DR => ACC | AR: 3 | IP: 4 | DR: 5 | ACC: 8 | NZC: 0 | TICK: 144| CR:{'idx': 3, 'opcode': 'add', 'operand': 3, 'address': True, 'relative': False}
INFO INSTRUCTION: 33 | STORE: ACC => RAM[AR] | AR: 4 | IP: 5 | DR: 5 | ACC: 8 | NZC: 0 | TICK: 148| CR:{'idx': 4, 'opcode': 'store', 'operand': 4, 'address': True, 'relative': False}
INFO INSTRUCTION: 34 | LOAD: DR => ACC | AR: 3 | IP: 6 | DR: 5 | ACC: 5 | NZC: 0 | TICK: 153| CR:{'idx': 5, 'opcode': 'load', 'operand': 3, 'address': True, 'relative': False}
INFO INSTRUCTION: 35 | STORE: ACC => RAM[AR] | AR: 2 | IP: 7 | DR: 5 | ACC: 5 | NZC: 0 | TICK: 157| CR:{'idx': 6, 'opcode': 'store', 'operand': 2, 'address': True, 'relative': False}
INFO INSTRUCTION: 36 | MOD: ACC % DR => ACC | AR: 7 | IP: 8 | DR: 2 | ACC: 1 | NZC: 0 | TICK: 160| CR:{'idx': 7, 'opcode': 'mod', 'operand': 2, 'address': False, 'relative': False}
INFO INSTRUCTION: 37 | JIFZ: Z: DR => IP | AR: 8 | IP: 9 | DR: 2 | ACC: 1 | NZC: 0 | TICK: 165| CR:{'idx': 8, 'opcode': 'jifz', 'operand': 15, 'address': True, 'relative': False}
INFO INSTRUCTION: 38 | LOAD: DR => ACC | AR: 3 | IP: 10 | DR: 5 | ACC: 5 | NZC: 0 | TICK: 170| CR:{'idx': 9, 'opcode': 'load', 'operand': 3, 'address': True, 'relative': False}
INFO INSTRUCTION: 39 | SUB: ACC - DR => ACC | AR: 10 | IP: 11 | DR: 4000000 | ACC: -3999995 | NZC: 100 | TICK: 173| CR:{'idx': 10, 'opcode': 'sub', 'operand': 4000000, 'address': False, 'relative': False}
INFO INSTRUCTION: 40 | JIFN:N: DR => IP | AR: 0 | IP: 0 | DR: 0 | ACC: -3999995 | NZC: 100 | TICK: 178| CR:{'idx': 11, 'opcode': 'jifn', 'operand': 0, 'address': True, 'relative': False}
INFO INSTRUCTION: 41 | LOAD: DR => ACC | AR: 4 | IP: 1 | DR: 8 | ACC: 8 | NZC: 0 | TICK: 183| CR:{'idx': 0, 'opcode': 'load', 'operand': 4, 'address': True, 'relative': False}
INFO INSTRUCTION: 42 | STORE: ACC => RAM[AR] | AR: 3 | IP: 2 | DR: 8 | ACC: 8 | NZC: 0 | TICK: 187| CR:{'idx': 1, 'opcode': 'store', 'operand': 3, 'address': True, 'relative': False}
INFO INSTRUCTION: 43 | LOAD: DR => ACC | AR: 2 | IP: 3 | DR: 5 | ACC: 5 | NZC: 0 | TICK: 192| CR:{'idx': 2, 'opcode': 'load', 'operand': 2, 'address': True, 'relative': False}
INFO INSTRUCTION: 44 | ADD: ACC + DR => ACC | AR: 3 | IP: 4 | DR: 8 | ACC: 13 | NZC: 0 | TICK: 197| CR:{'idx': 3, 'opcode': 'add', 'operand': 3, 'address': True, 'relative': False}
INFO INSTRUCTION: 45 | STORE: ACC => RAM[AR] | AR: 4 | IP: 5 | DR: 8 | ACC: 13 | NZC: 0 | TICK: 201| CR:{'idx': 4, 'opcode': 'store', 'operand': 4, 'address': True, 'relative': False}
INFO INSTRUCTION: 46 | LOAD: DR => ACC | AR: 3 | IP: 6 | DR: 8 | ACC: 8 | NZC: 0 | TICK: 206| CR:{'idx': 5, 'opcode': 'load', 'operand': 3, 'address': True, 'relative': False}
INFO INSTRUCTION: 47 | STORE: ACC => RAM[AR] | AR: 2 | IP: 7 | DR: 8 | ACC: 8 | NZC: 0 | TICK: 210| CR:{'idx': 6, 'opcode': 'store', 'operand': 2, 'address': True, 'relative': False}
INFO INSTRUCTION: 48 | MOD: ACC % DR => ACC | AR: 7 | IP: 8 | DR: 2 | ACC: 0 | NZC: 10 | TICK: 213| CR:{'idx': 7, 'opcode': 'mod', 'operand': 2, 'address': False, 'relative': False}
INFO INSTRUCTION: 49 | JIFZ: Z: DR => IP | AR: 15 | IP: 15 | DR: 15 | ACC: 0 | NZC: 10 | TICK: 218| CR:{'idx': 8, 'opcode': 'jifz', 'operand': 15, 'address': True, 'relative': False}
INFO INSTRUCTION: 50 | LOAD: DR => ACC | AR: 5 | IP: 16 | DR: 2 | ACC: 2 | NZC: 0 | TICK: 223| CR:{'idx': 15, 'opcode': 'load', 'operand': 5, 'address': True, 'relative': False}
INFO INSTRUCTION: 51 | ADD: ACC + DR => ACC | AR: 16 | IP: 17 | DR: 8 | ACC: 10 | NZC: 0 | TICK: 228| CR:{'idx': 16, 'opcode': 'add', 'operand': 3, 'address': True, 'relative': False}
INFO INSTRUCTION: 52 | STORE: ACC => RAM[AR] | AR: 5 | IP: 18 | DR: 8 | ACC: 10 | NZC: 0 | TICK: 232| CR:{'idx': 17, 'opcode': 'store', 'operand': 5, 'address': True, 'relative': False}
INFO INSTRUCTION: 53 | JUMP: DR => IP | AR: 9 | IP: 9 | DR: 9 | ACC: 10 | NZC: 0 | TICK: 237| CR:{'idx': 18, 'opcode': 'jmp', 'operand': 9, 'address': True, 'relative': False}
INFO INSTRUCTION: 54 | LOAD: DR => ACC | AR: 3 | IP: 10 | DR: 8 | ACC: 8 | NZC: 0 | TICK: 242| CR:{'idx': 9, 'opcode': 'load', 'operand': 3, 'address': True, 'relative': False}
INFO INSTRUCTION: 55 | SUB: ACC - DR => ACC | AR: 10 | IP: 11 | DR: 4000000 | ACC: -3999992 | NZC: 100 | TICK: 245| CR:{'idx': 10, 'opcode': 'sub', 'operand': 4000000, 'address': False, 'relative': False}
INFO INSTRUCTION: 56 | JIFN:N: DR => IP | AR: 0 | IP: 0 | DR: 0 | ACC: -3999992 | NZC: 100 | TICK: 250| CR:{'idx': 11, 'opcode': 'jifn', 'operand': 0, 'address': True, 'relative': False}
INFO INSTRUCTION: 57 | LOAD: DR => ACC | AR: 4 | IP: 1 | DR: 13 | ACC: 13 | NZC: 0 | TICK: 255| CR:{'idx': 0, 'opcode': 'load', 'operand': 4, 'address': True, 'relative': False}
INFO INSTRUCTION: 58 | STORE: ACC => RAM[AR] | AR: 3 | IP: 2 | DR: 13 | ACC: 13 | NZC: 0 | TICK: 259| CR:{'idx': 1, 'opcode': 'store', 'operand': 3, 'address': True, 'relative': False}
INFO INSTRUCTION: 59 | LOAD: DR => ACC | AR: 2 | IP: 3 | DR: 8 | ACC: 8 | NZC: 0 | TICK: 264| CR:{'idx': 2, 'opcode': 'load', 'operand': 2, 'address': True, 'relative': False}
INFO INSTRUCTION: 60 | ADD: ACC + DR => ACC | AR: 3 | IP: 4 | DR: 13 | ACC: 21 | NZC: 0 | TICK: 269| CR:{'idx': 3, 'opcode': 'add', 'operand': 3, 'address': True, 'relative': False}
INFO INSTRUCTION: 61 | STORE: ACC => RAM[AR] | AR: 4 | IP: 5 | DR: 13 | ACC: 21 | NZC: 0 | TICK: 273| CR:{'idx': 4, 'opcode': 'store', 'operand': 4, 'address': True, 'relative': False}
INFO INSTRUCTION: 62 | LOAD: DR => ACC | AR: 3 | IP: 6 | DR: 13 | ACC: 13 | NZC: 0 | TICK: 278| CR:{'idx': 5, 'opcode': 'load', 'operand': 3, 'address': True, 'relative': False}
INFO INSTRUCTION: 63 | STORE: ACC => RAM[AR] | AR: 2 | IP: 7 | DR: 13 | ACC: 13 | NZC: 0 | TICK: 282| CR:{'idx': 6, 'opcode': 'store', 'operand': 2, 'address': True, 'relative': False}
INFO INSTRUCTION: 64 | MOD: ACC % DR => ACC | AR: 7 | IP: 8 | DR: 2 | ACC: 1 | NZC: 0 | TICK: 285| CR:{'idx': 7, 'opcode': 'mod', 'operand': 2, 'address': False, 'relative': False}
INFO INSTRUCTION: 65 | JIFZ: Z: DR => IP | AR: 8 | IP: 9 | DR: 2 | ACC: 1 | NZC: 0 | TICK: 290| CR:{'idx': 8, 'opcode': 'jifz', 'operand': 15, 'address': True, 'relative': False}
INFO INSTRUCTION: 66 | LOAD: DR => ACC | AR: 3 | IP: 10 | DR: 13 | ACC: 13 | NZC: 0 | TICK: 295| CR:{'idx': 9, 'opcode': 'load', 'operand': 3, 'address': True, 'relative': False}
INFO INSTRUCTION: 67 | SUB: ACC - DR => ACC | AR: 10 | IP: 11 | DR: 4000000 | ACC: -3999987 | NZC: 100 | TICK: 298| CR:{'idx': 10, 'opcode': 'sub', 'operand': 4000000, 'address': False, 'relative': False}
INFO INSTRUCTION: 68 | JIFN:N: DR => IP | AR: 0 | IP: 0 | DR: 0 | ACC: -3999987 | NZC: 100 | TICK: 303| CR:{'idx': 11, 'opcode': 'jifn', 'operand': 0, 'address': True, 'relative': False}
INFO INSTRUCTION: 69 | LOAD: DR => ACC | AR: 4 | IP: 1 | DR: 21 | ACC: 21 | NZC: 0 | TICK: 308| CR:{'idx': 0, 'opcode': 'load', 'operand': 4, 'address': True, 'relative': False}
INFO INSTRUCTION: 70 | STORE: ACC => RAM[AR] | AR: 3 | IP: 2 | DR: 21 | ACC: 21 | NZC: 0 | TICK: 312| CR:{'idx': 1, 'opcode': 'store', 'operand': 3, 'address': True, 'relative': False}
INFO INSTRUCTION: 71 | LOAD: DR => ACC | AR: 2 | IP: 3 | DR: 13 | ACC: 13 | NZC: 0 | TICK: 317| CR:{'idx': 2, 'opcode': 'load', 'operand': 2, 'address': True, 'relative': False}
INFO INSTRUCTION: 72 | ADD: ACC + DR => ACC | AR: 3 | IP: 4 | DR: 21 | ACC: 34 | NZC: 0 | TICK: 322| CR:{'idx': 3, 'opcode': 'add', 'operand': 3, 'address': True, 'relative': False}
INFO INSTRUCTION: 73 | STORE: ACC => RAM[AR] | AR: 4 | IP: 5 | DR: 21 | ACC: 34 | NZC: 0 | TICK: 326| CR:{'idx': 4, 'opcode': 'store', 'operand': 4, 'address': True, 'relative': False}
INFO INSTRUCTION: 74 | LOAD: DR => ACC | AR: 3 | IP: 6 | DR: 21 | ACC: 21 | NZC: 0 | TICK: 331| CR:{'idx': 5, 'opcode': 'load', 'operand': 3, 'address': True, 'relative': False}
INFO INSTRUCTION: 75 | STORE: ACC => RAM[AR] | AR: 2 | IP: 7 | DR: 21 | ACC: 21 | NZC: 0 | TICK: 335| CR:{'idx': 6, 'opcode': 'store', 'operand': 2, 'address': True, 'relative': False}
INFO INSTRUCTION: 76 | MOD: ACC % DR => ACC | AR: 7 | IP: 8 | DR: 2 | ACC: 1 | NZC: 0 | TICK: 338| CR:{'idx': 7, 'opcode': 'mod', 'operand': 2, 'address': False, 'relative': False}
INFO INSTRUCTION: 77 | JIFZ: Z: DR => IP | AR: 8 | IP: 9 | DR: 2 | ACC: 1 | NZC: 0 | TICK: 343| CR:{'idx': 8, 'opcode': 'jifz', 'operand': 15, 'address': True, 'relative': False}
INFO INSTRUCTION: 78 | LOAD: DR => ACC | AR: 3 | IP: 10 | DR: 21 | ACC: 21 | NZC: 0 | TICK: 348| CR:{'idx': 9, 'opcode': 'load', 'operand': 3, 'address': True, 'relative': False}
INFO INSTRUCTION: 79 | SUB: ACC - DR => ACC | AR: 10 | IP: 11 | DR: 4000000 | ACC: -3999979 | NZC: 100 | TICK: 351| CR:{'idx': 10, 'opcode': 'sub', 'operand': 4000000, 'address': False, 'relative': False}
INFO INSTRUCTION: 80 | JIFN:N: DR => IP | AR: 0 | IP: 0 | DR: 0 | ACC: -3999979 | NZC: 100 | TICK: 356| CR:{'idx': 11, 'opcode': 'jifn', 'operand': 0, 'address': True, 'relative': False}
INFO INSTRUCTION: 81 | LOAD: DR => ACC | AR: 4 | IP: 1 | DR: 34 | ACC: 34 | NZC: 0 | TICK: 361| CR:{'idx': 0, 'opcode': 'load', 'operand': 4, 'address': True, 'relative': False}
INFO INSTRUCTION: 82 | STORE: ACC => RAM[AR] | AR: 3 | IP: 2 | DR: 34 | ACC: 34 | NZC: 0 | TICK: 365| CR:{'idx': 1, 'opcode': 'store', 'operand': 3, 'address': True, 'relative': False}
INFO INSTRUCTION: 83 | LOAD: DR => ACC | AR: 2 | IP: 3 | DR: 21 | ACC: 21 | NZC: 0 | TICK: 370| CR:{'idx': 2, 'opcode': 'load', 'operand': 2, 'address': True, 'relative': False}
INFO INSTRUCTION: 84 | ADD: ACC + DR => ACC | AR: 3 | IP: 4 | DR: 34 | ACC: 55 | NZC: 0 | TICK: 375| CR:{'idx': 3, 'opcode': 'add', 'operand': 3, 'address': True, 'relative': False}
INFO INSTRUCTION: 85 | STORE: ACC => RAM[AR] | AR: 4 | IP: 5 | DR: 34 | ACC: 55 | NZC: 0 | TICK: 379| CR:{'idx': 4, 'opcode': 'store', 'operand': 4, 'address': True, 'relative': False}
INFO INSTRUCTION: 86 | LOAD: DR => ACC | AR: 3 | IP: 6 | DR: 34 | ACC: 34 | NZC: 0 | TICK: 384| CR:{'idx': 5, 'opcode': 'load', 'operand': 3, 'address': True, 'relative': False}
INFO INSTRUCTION: 87 | STORE: ACC => RAM[AR] | AR: 2 | IP: 7 | DR: 34 | ACC: 34 | NZC: 0 | TICK: 388| CR:{'idx': 6, 'opcode': 'store', 'operand': 2, 'address': True, 'relative': False}
INFO INSTRUCTION: 88 | MOD: ACC % DR => ACC | AR: 7 | IP: 8 | DR: 2 | ACC: 0 | NZC: 10 | TICK: 391| CR:{'idx': 7, 'opcode': 'mod', 'operand': 2, 'address': False, 'relative': False}
INFO INSTRUCTION: 89 | JIFZ: Z: DR => IP | AR: 15 | IP: 15 | DR: 15 | ACC: 0 | NZC: 10 | TICK: 396| CR:{'idx': 8, 'opcode': 'jifz', 'operand': 15, 'address': True, 'relative': False}
INFO INSTRUCTION: 90 | LOAD: DR => ACC | AR: 5 | IP: 16 | DR: 10 | ACC: 10 | NZC: 0 | TICK: 401| CR:{'idx': 15, 'opcode': 'load', 'operand': 5, 'address': True, 'relative': False}
INFO INSTRUCTION: 91 | ADD: ACC + DR => ACC | AR: 16 | IP: 17 | DR: 34 | ACC: 44 | NZC: 0 | TICK: 406| CR:{'idx': 16, 'opcode': 'add', 'operand': 3, 'address': True, 'relative': False}
INFO INSTRUCTION: 92 | STORE: ACC => RAM[AR] | AR: 5 | IP: 18 | DR: 34 | ACC: 44 | NZC: 0 | TICK: 410| CR:{'idx': 17, 'opcode': 'store', 'operand': 5, 'address': True, 'relative': False}
INFO INSTRUCTION: 93 | JUMP: DR => IP | AR: 9 | IP: 9 | DR: 9 | ACC: 44 | NZC: 0 | TICK: 415| CR:{'idx': 18, 'opcode': 'jmp', 'operand': 9, 'address': True, 'relative': False}
INFO INSTRUCTION: 94 | LOAD: DR => ACC | AR: 3 | IP: 10 | DR: 34 | ACC: 34 | NZC: 0 | TICK: 420| CR:{'idx': 9, 'opcode': 'load', 'operand': 3, 'address': True, 'relative': False}
INFO INSTRUCTION: 95 | SUB: ACC - DR => ACC | AR: 10 | IP: 11 | DR: 4000000 | ACC: -3999966 | NZC: 100 | TICK: 423| CR:{'idx': 10, 'opcode': 'sub', 'operand': 4000000, 'address': False, 'relative': False}
INFO INSTRUCTION: 96 | JIFN:N: DR => IP | AR: 0 | IP: 0 | DR: 0 | ACC: -3999966 | NZC: 100 | TICK: 428| CR:{'idx': 11, 'opcode': 'jifn', 'operand': 0, 'address': True, 'relative': False}
INFO INSTRUCTION: 97 | LOAD: DR => ACC | AR: 4 | IP: 1 | DR: 55 | ACC: 55 | NZC: 0 | TICK: 433| CR:{'idx': 0, 'opcode': 'load', 'operand': 4, 'address': True, 'relative': False}
INFO INSTRUCTION: 98 | STORE: ACC => RAM[AR] | AR: 3 | IP: 2 | DR: 55 | ACC: 55 | NZC: 0 | TICK: 437| CR:{'idx': 1, 'opcode': 'store', 'operand': 3, 'address': True, 'relative': False}
INFO INSTRUCTION: 99 | LOAD: DR => ACC | AR: 2 | IP: 3 | DR: 34 | ACC: 34 | NZC: 0 | TICK: 442| CR:{'idx': 2, 'opcode': 'load', 'operand': 2, 'address': True, 'relative': False}
INFO INSTRUCTION: 100 | ADD: ACC + DR => ACC | AR: 3 | IP: 4 | DR: 55 | ACC: 89 | NZC: 0 | TICK: 447| CR:{'idx': 3, 'opcode': 'add', 'operand': 3, 'address': True, 'relative': False}
INFO INSTRUCTION: 101 | STORE: ACC => RAM[AR] | AR: 4 | IP: 5 | DR: 55 | ACC: 89 | NZC: 0 | TICK: 451| CR:{'idx': 4, 'opcode': 'store', 'operand': 4, 'address': True, 'relative': False}
INFO INSTRUCTION: 102 | LOAD: DR => ACC | AR: 3 | IP: 6 | DR: 55 | ACC: 55 | NZC: 0 | TICK: 456| CR:{'idx': 5, 'opcode': 'load', 'operand': 3, 'address': True, 'relative': False}
INFO INSTRUCTION: 103 | STORE: ACC => RAM[AR] | AR: 2 | IP: 7 | DR: 55 | ACC: 55 | NZC: 0 | TICK: 460| CR:{'idx': 6, 'opcode': 'store', 'operand': 2, 'address': True, 'relative': False}
INFO INSTRUCTION: 104 | MOD: ACC % DR => ACC | AR: 7 | IP: 8 | DR: 2 | ACC: 1 | NZC: 0 | TICK: 463| CR:{'idx': 7, 'opcode': 'mod', 'operand': 2, 'address': False, 'relative': False}
INFO INSTRUCTION: 105 | JIFZ: Z: DR => IP | AR: 8 | IP: 9 | DR: 2 | ACC: 1 | NZC: 0 | TICK: 468| CR:{'idx': 8, 'opcode': 'jifz', 'operand': 15, 'address': True, 'relative': False}
INFO INSTRUCTION: 106 | LOAD: DR => ACC | AR: 3 | IP: 10 | DR: 55 | ACC: 55 | NZC: 0 | TICK: 473| CR:{'idx': 9, 'opcode': 'load', 'operand': 3, 'address': True, 'relative': False}
INFO INSTRUCTION: 107 | SUB: ACC - DR => ACC | AR: 10 | IP: 11 | DR: 4000000 | ACC: -3999945 | NZC: 100 | TICK: 476| CR:{'idx': 10, 'opcode': 'sub', 'operand': 4000000, 'address': False, 'relative': False}
INFO INSTRUCTION: 108 | JIFN:N: DR => IP | AR: 0 | IP: 0 | DR: 0 | ACC: -3999945 | NZC: 100 | TICK: 481| CR:{'idx': 11, 'opcode': 'jifn', 'operand': 0, 'address': True, 'relative': False}
INFO INSTRUCTION: 109 | LOAD: DR => ACC | AR: 4 | IP: 1 | DR: 89 | ACC: 89 | NZC: 0 | TICK: 486| CR:{'idx': 0, 'opcode': 'load', 'operand': 4, 'address': True, 'relative': False}
INFO INSTRUCTION: 110 | STORE: ACC => RAM[AR] | AR: 3 | IP: 2 | DR: 89 | ACC: 89 | NZC: 0 | TICK: 490| CR:{'idx': 1, 'opcode': 'store', 'operand': 3, 'address': True, 'relative': False}
INFO INSTRUCTION: 111 | LOAD: DR => ACC | AR: 2 | IP: 3 | DR: 55 | ACC: 55 | NZC: 0 | TICK: 495| CR:{'idx': 2, 'opcode': 'load', 'operand': 2, 'address': True, 'relative': False}
INFO INSTRUCTION: 112 | ADD: ACC + DR => ACC | AR: 3 | IP: 4 | DR: 89 | ACC: 144 | NZC: 0 | TICK: 500| CR:{'idx': 3, 'opcode': 'add', 'operand': 3, 'address': True, 'relative': False}
INFO INSTRUCTION: 113 | STORE: ACC => RAM[AR] | AR: 4 | IP: 5 | DR: 89 | ACC: 144 | NZC: 0 | TICK: 504| CR:{'idx': 4, 'opcode': 'store', 'operand': 4, 'address': True, 'relative': False}
INFO INSTRUCTION: 114 | LOAD: DR => ACC | AR: 3 | IP: 6 | DR: 89 | ACC: 89 | NZC: 0 | TICK: 509| CR:{'idx': 5, 'opcode': 'load', 'operand': 3, 'address': True, 'relative': False}
INFO INSTRUCTION: 115 | STORE: ACC => RAM[AR] | AR: 2 | IP: 7 | DR: 89 | ACC: 89 | NZC: 0 | TICK: 513| CR:{'idx': 6, 'opcode': 'store', 'operand': 2, 'address': True, 'relative': False}
INFO INSTRUCTION: 116 | MOD: ACC % DR => ACC | AR: 7 | IP: 8 | DR: 2 | ACC: 1 | NZC: 0 | TICK: 516| CR:{'idx': 7, 'opcode': 'mod', 'operand': 2, 'address': False, 'relative': False}
INFO INSTRUCTION: 117 | JIFZ: Z: DR => IP | AR: 8 | IP: 9 | DR: 2 | ACC: 1 | NZC: 0 | TICK: 521| CR:{'idx': 8, 'opcode': 'jifz', 'operand': 15, 'address': True, 'relative': False}
INFO INSTRUCTION: 118 | LOAD: DR => ACC | AR: 3 | IP: 10 | DR: 89 | ACC: 89 | NZC: 0 | TICK: 526| CR:{'idx': 9, 'opcode': 'load', 'operand': 3, 'address': True, 'relative': False}
INFO INSTRUCTION: 119 | SUB: ACC - DR => ACC | AR: 10 | IP: 11 | DR: 4000000 | ACC: -3999911 | NZC: 100 | TICK: 529| CR:{'idx': 10, 'opcode': 'sub', 'operand': 4000000, 'address': False, 'relative': False}
INFO INSTRUCTION: 120 | JIFN:N: DR => IP | AR: 0 | IP: 0 | DR: 0 | ACC: -3999911 | NZC: 100 | TICK: 534| CR:{'idx': 11, 'opcode': 'jifn', 'operand': 0, 'address': True, 'relative': False}
INFO INSTRUCTION: 121 | LOAD: DR => ACC | AR: 4 | IP: 1 | DR: 144 | ACC: 144 | NZC: 0 | TICK: 539| CR:{'idx': 0, 'opcode': 'load', 'operand': 4, 'address': True, 'relative': False}
INFO INSTRUCTION: 122 | STORE: ACC => RAM[AR] | AR: 3 | IP: 2 | DR: 144 | ACC: 144 | NZC: 0 | TICK: 543| CR:{'idx': 1, 'opcode': 'store', 'operand': 3, 'address': True, 'relative': False}
INFO INSTRUCTION: 123 | LOAD: DR => ACC | AR: 2 | IP: 3 | DR: 89 | ACC: 89 | NZC: 0 | TICK: 548| CR:{'idx': 2, 'opcode': 'load', 'operand': 2, 'address': True, 'relative': False}
INFO INSTRUCTION: 124 | ADD: ACC + DR => ACC | AR: 3 | IP: 4 | DR: 144 | ACC: 233 | NZC: 0 | TICK: 553| CR:{'idx': 3, 'opcode': 'add', 'operand': 3, 'address': True, 'relative': False}
INFO INSTRUCTION: 125 | STORE: ACC => RAM[AR] | AR: 4 | IP: 5 | DR: 144 | ACC: 233 | NZC: 0 | TICK: 557| CR:{'idx': 4, 'opcode': 'store', 'operand': 4, 'address': True, 'relative': False}
INFO INSTRUCTION: 126 | LOAD: DR => ACC | AR: 3 | IP: 6 | DR: 144 | ACC: 144 | NZC: 0 | TICK: 562| CR:{'idx': 5, 'opcode': 'load', 'operand': 3, 'address': True, 'relative': False}
INFO INSTRUCTION: 127 | STORE: ACC => RAM[AR] | AR: 2 | IP: 7 | DR: 144 | ACC: 144 | NZC: 0 | TICK: 566| CR:{'idx': 6, 'opcode': 'store', 'operand': 2, 'address': True, 'relative': False}
INFO INSTRUCTION: 128 | MOD: ACC % DR => ACC | AR: 7 | IP: 8 | DR: 2 | ACC: 0 | NZC: 10 | TICK: 569| CR:{'idx': 7, 'opcode': 'mod', 'operand': 2, 'address': False, 'relative': False}
INFO INSTRUCTION: 129 | JIFZ: Z: DR => IP | AR: 15 | IP: 15 | DR: 15 | ACC: 0 | NZC: 10 | TICK: 574| CR:{'idx': 8, 'opcode': 'jifz', 'operand': 15, 'address': True, 'relative': False}
INFO INSTRUCTION: 130 | LOAD: DR => ACC | AR: 5 | IP: 16 | DR: 44 | ACC: 44 | NZC: 0 | TICK: 579| CR:{'idx': 15, 'opcode': 'load', 'operand': 5, 'address': True, 'relative': False}
INFO INSTRUCTION: 131 | ADD: ACC + DR => ACC | AR: 16 | IP: 17 | DR: 144 | ACC: 188 | NZC: 0 | TICK: 584| CR:{'idx': 16, 'opcode': 'add', 'operand': 3, 'address': True, 'relative': False}
INFO INSTRUCTION: 132 | STORE: ACC => RAM[AR] | AR: 5 | IP: 18 | DR: 144 | ACC: 188 | NZC: 0 | TICK: 588| CR:{'idx': 17, 'opcode': 'store', 'operand': 5, 'address': True, 'relative': False}
INFO INSTRUCTION: 133 | JUMP: DR => IP | AR: 9 | IP: 9 | DR: 9 | ACC: 188 | NZC: 0 | TICK: 593| CR:{'idx': 18, 'opcode': 'jmp', 'operand': 9, 'address': True, 'relative': False}
INFO INSTRUCTION: 134 | LOAD: DR => ACC | AR: 3 | IP: 10 | DR: 144 | ACC: 144 | NZC: 0 | TICK: 598| CR:{'idx': 9, 'opcode': 'load', 'operand': 3, 'address': True, 'relative': False}
INFO INSTRUCTION: 135 | SUB: ACC - DR => ACC | AR: 10 | IP: 11 | DR: 4000000 | ACC: -3999856 | NZC: 100 | TICK: 601| CR:{'idx': 10, 'opcode': 'sub', 'operand': 4000000, 'address': False, 'relative': False}
INFO INSTRUCTION: 136 | JIFN:N: DR => IP | AR: 0 | IP: 0 | DR: 0 | ACC: -3999856 | NZC: 100 | TICK: 606| CR:{'idx': 11, 'opcode': 'jifn', 'operand': 0, 'address': True, 'relative': False}
INFO INSTRUCTION: 137 | LOAD: DR => ACC | AR: 4 | IP: 1 | DR: 233 | ACC: 233 | NZC: 0 | TICK: 611| CR:{'idx': 0, 'opcode': 'load', 'operand': 4, 'address': True, 'relative': False}
INFO INSTRUCTION: 138 | STORE: ACC => RAM[AR] | AR: 3 | IP: 2 | DR: 233 | ACC: 233 | NZC: 0 | TICK: 615| CR:{'idx': 1, 'opcode': 'store', 'operand': 3, 'address': True, 'relative': False}
INFO INSTRUCTION: 139 | LOAD: DR => ACC | AR: 2 | IP: 3 | DR: 144 | ACC: 144 | NZC: 0 | TICK: 620| CR:{'idx': 2, 'opcode': 'load', 'operand': 2, 'address': True, 'relative': False}
INFO INSTRUCTION: 140 | ADD: ACC + DR => ACC | AR: 3 | IP: 4 | DR: 233 | ACC: 377 | NZC: 0 | TICK: 625| CR:{'idx': 3, 'opcode': 'add', 'operand': 3, 'address': True, 'relative': False}
INFO INSTRUCTION: 141 | STORE: ACC => RAM[AR] | AR: 4 | IP: 5 | DR: 233 | ACC: 377 | NZC: 0 | TICK: 629| CR:{'idx': 4, 'opcode': 'store', 'operand': 4, 'address': True, 'relative': False}
INFO INSTRUCTION: 142 | LOAD: DR => ACC | AR: 3 | IP: 6 | DR: 233 | ACC: 233 | NZC: 0 | TICK: 634| CR:{'idx': 5, 'opcode': 'load', 'operand': 3, 'address': True, 'relative': False}
INFO INSTRUCTION: 143 | STORE: ACC => RAM[AR] | AR: 2 | IP: 7 | DR: 233 | ACC: 233 | NZC: 0 | TICK: 638| CR:{'idx': 6, 'opcode': 'store', 'operand': 2, 'address': True, 'relative': False}
INFO INSTRUCTION: 144 | MOD: ACC % DR => ACC | AR: 7 | IP: 8 | DR: 2 | ACC: 1 | NZC: 0 | TICK: 641| CR:{'idx': 7, 'opcode': 'mod', 'operand': 2, 'address': False, 'relative': False}
INFO INSTRUCTION: 145 | JIFZ: Z: DR => IP | AR: 8 | IP: 9 | DR: 2 | ACC: 1 | NZC: 0 | TICK: 646| CR:{'idx': 8, 'opcode': 'jifz', 'operand': 15, 'address': True, 'relative': False}
INFO INSTRUCTION: 146 | LOAD: DR => ACC | AR: 3 | IP: 10 | DR: 233 | ACC: 233 | NZC: 0 | TICK: 651| CR:{'idx': 9, 'opcode': 'load', 'operand': 3, 'address': True, 'relative': False}
INFO INSTRUCTION: 147 | SUB: ACC - DR => ACC | AR: 10 | IP: 11 | DR: 4000000 | ACC: -3999767 | NZC: 100 | TICK: 654| CR:{'idx': 10, 'opcode': 'sub', 'operand': 4000000, 'address': False, 'relative': False}
INFO INSTRUCTION: 148 | JIFN:N: DR => IP | AR: 0 | IP: 0 | DR: 0 | ACC: -3999767 | NZC: 100 | TICK: 659| CR:{'idx': 11, 'opcode': 'jifn', 'operand': 0, 'address': True, 'relative': False}
INFO INSTRUCTION: 149 | LOAD: DR => ACC | AR: 4 | IP: 1 | DR: 377 | ACC: 377 | NZC: 0 | TICK: 664| CR:{'idx': 0, 'opcode': 'load', 'operand': 4, 'address': True, 'relative': False}
INFO INSTRUCTION: 150 | STORE: ACC => RAM[AR] | AR: 3 | IP: 2 | DR: 377 | ACC: 377 | NZC: 0 | TICK: 668| CR:{'idx': 1, 'opcode': 'store', 'operand': 3, 'address': True, 'relative': False}
INFO INSTRUCTION: 151 | LOAD: DR => ACC | AR: 2 | IP: 3 | DR: 233 | ACC: 233 | NZC: 0 | TICK: 673| CR:{'idx': 2, 'opcode': 'load', 'operand': 2, 'address': True, 'relative': False}
INFO INSTRUCTION: 152 | ADD: ACC + DR => ACC | AR: 3 | IP: 4 | DR: 377 | ACC: 610 | NZC: 0 | TICK: 678| CR:{'idx': 3, 'opcode': 'add', 'operand': 3, 'address': True, 'relative': False}
INFO INSTRUCTION: 153 | STORE: ACC => RAM[AR] | AR: 4 | IP: 5 | DR: 377 | ACC: 610 | NZC: 0 | TICK: 682| CR:{'idx': 4, 'opcode': 'store', 'operand': 4, 'address': True, 'relative': False}
INFO INSTRUCTION: 154 | LOAD: DR => ACC | AR: 3 | IP: 6 | DR: 377 | ACC: 377 | NZC: 0 | TICK: 687| CR:{'idx': 5, 'opcode': 'load', 'operand': 3, 'address': True, 'relative': False}
INFO INSTRUCTION: 155 | STORE: ACC => RAM[AR] | AR: 2 | IP: 7 | DR: 377 | ACC: 377 | NZC: 0 | TICK: 691| CR:{'idx': 6, 'opcode': 'store', 'operand': 2, 'address': True, 'relative': False}
INFO INSTRUCTION: 156 | MOD: ACC % DR => ACC | AR: 7 | IP: 8 | DR: 2 | ACC: 1 | NZC: 0 | TICK: 694| CR:{'idx': 7, 'opcode': 'mod', 'operand': 2, 'address': False, 'relative': False}
INFO INSTRUCTION: 157 | JIFZ: Z: DR => IP | AR: 8 | IP: 9 | DR: 2 | ACC: 1 | NZC: 0 | TICK: 699| CR:{'idx': 8, 'opcode': 'jifz', 'operand': 15, 'address': True, 'relative': False}
INFO INSTRUCTION: 158 | LOAD: DR => ACC | AR: 3 | IP: 10 | DR: 377 | ACC: 377 | NZC: 0 | TICK: 704| CR:{'idx': 9, 'opcode': 'load', 'operand': 3, 'address': True, 'relative': False}
INFO INSTRUCTION: 159 | SUB: ACC - DR => ACC | AR: 10 | IP: 11 | DR: 4000000 | ACC: -3999623 | NZC: 100 | TICK: 707| CR:{'idx': 10, 'opcode': 'sub', 'operand': 4000000, 'address': False, 'relative': False}
INFO INSTRUCTION: 160 | JIFN:N: DR => IP | AR: 0 | IP: 0 | DR: 0 | ACC: -3999623 | NZC: 100 | TICK: 712| CR:{'idx': 11, 'opcode': 'jifn', 'operand': 0, 'address': True, 'relative': False}
INFO INSTRUCTION: 161 | LOAD: DR => ACC | AR: 4 | IP: 1 | DR: 610 | ACC: 610 | NZC: 0 | TICK: 717| CR:{'idx': 0, 'opcode': 'load', 'operand': 4, 'address': True, 'relative': False}
INFO INSTRUCTION: 162 | STORE: ACC => RAM[AR] | AR: 3 | IP: 2 | DR: 610 | ACC: 610 | NZC: 0 | TICK: 721| CR:{'idx': 1, 'opcode': 'store', 'operand': 3, 'address': True, 'relative': False}
INFO INSTRUCTION: 163 | LOAD: DR => ACC | AR: 2 | IP: 3 | DR: 377 | ACC: 377 | NZC: 0 | TICK: 726| CR:{'idx': 2, 'opcode': 'load', 'operand': 2, 'address': True, 'relative': False}
INFO INSTRUCTION: 164 | ADD: ACC + DR => ACC | AR: 3 | IP: 4 | DR: 610 | ACC: 987 | NZC: 0 | TICK: 731| CR:{'idx': 3, 'opcode': 'add', 'operand': 3, 'address': True, 'relative': False}
INFO INSTRUCTION: 165 | STORE: ACC => RAM[AR] | AR: 4 | IP: 5 | DR: 610 | ACC: 987 | NZC: 0 | TICK: 735| CR:{'idx': 4, 'opcode': 'store', 'operand': 4, 'address': True, 'relative': False}
INFO INSTRUCTION: 166 | LOAD: DR => ACC | AR: 3 | IP: 6 | DR: 610 | ACC: 610 | NZC: 0 | TICK: 740| CR:{'idx': 5, 'opcode': 'load', 'operand': 3, 'address': True, 'relative': False}
INFO INSTRUCTION: 167 | STORE: ACC => RAM[AR] | AR: 2 | IP: 7 | DR: 610 | ACC: 610 | NZC: 0 | TICK: 744| CR:{'idx': 6, 'opcode': 'store', 'operand': 2, 'address': True, 'relative': False}
INFO INSTRUCTION: 168 | MOD: ACC % DR => ACC | AR: 7 | IP: 8 | DR: 2 | ACC: 0 | NZC: 10 | TICK: 747| CR:{'idx': 7, 'opcode': 'mod', 'operand': 2, 'address': False, 'relative': False}
INFO INSTRUCTION: 169 | JIFZ: Z: DR => IP | AR: 15 | IP: 15 | DR: 15 | ACC: 0 | NZC: 10 | TICK: 752| CR:{'idx': 8, 'opcode': 'jifz', 'operand': 15, 'address': True, 'relative': False}
INFO INSTRUCTION: 170 | LOAD: DR => ACC | AR: 5 | IP: 16 | DR: 188 | ACC: 188 | NZC: 0 | TICK: 757| CR:{'idx': 15, 'opcode': 'load', 'operand': 5, 'address': True, 'relative': False}
INFO INSTRUCTION: 171 | ADD: ACC + DR => ACC | AR: 16 | IP: 17 | DR: 610 | ACC: 798 | NZC: 0 | TICK: 762| CR:{'idx': 16, 'opcode': 'add', 'operand': 3, 'address': True, 'relative': False}
INFO INSTRUCTION: 172 | STORE: ACC => RAM[AR] | AR: 5 | IP: 18 | DR: 610 | ACC: 798 | NZC: 0 | TICK: 766| CR:{'idx': 17, 'opcode': 'store', 'operand': 5, 'address': True, 'relative': False}
INFO INSTRUCTION: 173 | JUMP: DR => IP | AR: 9 | IP: 9 | DR: 9 | ACC: 798 | NZC: 0 | TICK: 771| CR:{'idx': 18, 'opcode': 'jmp', 'operand': 9, 'address': True, 'relative': False}
INFO INSTRUCTION: 174 | LOAD: DR => ACC | AR: 3 | IP: 10 | DR: 610 | ACC: 610 | NZC: 0 | TICK: 776| CR:{'idx': 9, 'opcode': 'load', 'operand': 3, 'address': True, 'relative': False}
INFO INSTRUCTION: 175 | SUB: ACC - DR => ACC | AR: 10 | IP: 11 | DR: 4000000 | ACC: -3999390 | NZC: 100 | TICK: 779| CR:{'idx': 10, 'opcode': 'sub', 'operand': 4000000, 'address': False, 'relative': False}
INFO INSTRUCTION: 176 | JIFN:N: DR => IP | AR: 0 | IP: 0 | DR: 0 | ACC: -3999390 | NZC: 100 | TICK: 784| CR:{'idx': 11, 'opcode': 'jifn', 'operand': 0, 'address': True, 'relative': False}
INFO INSTRUCTION: 177 | LOAD: DR => ACC | AR: 4 | IP: 1 | DR: 987 | ACC: 987 | NZC: 0 | TICK: 789| CR:{'idx': 0, 'opcode': 'load', 'operand': 4, 'address': True, 'relative': False}
INFO INSTRUCTION: 178 | STORE: ACC => RAM[AR] | AR: 3 | IP: 2 | DR: 987 | ACC: 987 | NZC: 0 | TICK: 793| CR:{'idx': 1, 'opcode': 'store', 'operand': 3, 'address': True, 'relative': False}
INFO INSTRUCTION: 179 | LOAD: DR => ACC | AR: 2 | IP: 3 | DR: 610 | ACC: 610 | NZC: 0 | TICK: 798| CR:{'idx': 2, 'opcode': 'load', 'operand': 2, 'address': True, 'relative': False}
INFO INSTRUCTION: 180 | ADD: ACC + DR => ACC | AR: 3 | IP: 4 | DR: 987 | ACC: 1597 | NZC: 0 | TICK: 803| CR:{'idx': 3, 'opcode': 'add', 'operand': 3, 'address': True, 'relative': False}
INFO INSTRUCTION: 181 | STORE: ACC => RAM[AR] | AR: 4 | IP: 5 | DR: 987 | ACC: 1597 | NZC: 0 | TICK: 807| CR:{'idx': 4, 'opcode': 'store', 'operand': 4, 'address': True, 'relative': False}
INFO INSTRUCTION: 182 | LOAD: DR => ACC | AR: 3 | IP: 6 | DR: 987 | ACC: 987 | NZC: 0 | TICK: 812| CR:{'idx': 5, 'opcode': 'load', 'operand': 3, 'address': True, 'relative': False}
INFO INSTRUCTION: 183 | STORE: ACC => RAM[AR] | AR: 2 | IP: 7 | DR: 987 | ACC: 987 | NZC: 0 | TICK: 816| CR:{'idx': 6, 'opcode': 'store', 'operand': 2, 'address': True, 'relative': False}
INFO INSTRUCTION: 184 | MOD: ACC % DR => ACC | AR: 7 | IP: 8 | DR: 2 | ACC: 1 | NZC: 0 | TICK: 819| CR:{'idx': 7, 'opcode': 'mod', 'operand': 2, 'address': False, 'relative': False}
INFO INSTRUCTION: 185 | JIFZ: Z: DR => IP | AR: 8 | IP: 9 | DR: 2 | ACC: 1 | NZC: 0 | TICK: 824| CR:{'idx': 8, 'opcode': 'jifz', 'operand': 15, 'address': True, 'relative': False}
INFO INSTRUCTION: 186 | LOAD: DR => ACC | AR: 3 | IP: 10 | DR: 987 | ACC: 987 | NZC: 0 | TICK: 829| CR:{'idx': 9, 'opcode': 'load', 'operand': 3, 'address': True, 'relative': False}
INFO INSTRUCTION: 187 | SUB: ACC - DR => ACC | AR: 10 | IP: 11 | DR: 4000000 | ACC: -3999013 | NZC: 100 | TICK: 832| CR:{'idx': 10, 'opcode': 'sub', 'operand': 4000000, 'address': False, 'relative': False}
INFO INSTRUCTION: 188 | JIFN:N: DR => IP | AR: 0 | IP: 0 | DR: 0 | ACC: -3999013 | NZC: 100 | TICK: 837| CR:{'idx': 11, 'opcode': 'jifn', 'operand': 0, 'address': True, 'relative': False}
INFO INSTRUCTION: 189 | LOAD: DR => ACC | AR: 4 | IP: 1 | DR: 1597 | ACC: 1597 | NZC: 0 | TICK: 842| CR:{'idx': 0, 'opcode': 'load', 'operand': 4, 'address': True, 'relative': False}
INFO INSTRUCTION: 190 | STORE: ACC => RAM[AR] | AR: 3 | IP: 2 | DR: 1597 | ACC: 1597 | NZC: 0 | TICK: 846| CR:{'idx': 1, 'opcode': 'store', 'operand': 3, 'address': True, 'relative': False}
INFO INSTRUCTION: 191 | LOAD: DR => ACC | AR: 2 | IP: 3 | DR: 987 | ACC: 987 | NZC: 0 | TICK: 851| CR:{'idx': 2, 'opcode': 'load', 'operand': 2, 'address': True, 'relative': False}
INFO INSTRUCTION: 192 | ADD: ACC + DR => ACC | AR: 3 | IP: 4 | DR: 1597 | ACC: 2584 | NZC: 0 | TICK: 856| CR:{'idx': 3, 'opcode': 'add', 'operand': 3, 'address': True, 'relative': False}
INFO INSTRUCTION: 193 | STORE: ACC => RAM[AR] | AR: 4 | IP: 5 | DR: 1597 | ACC: 2584 | NZC: 0 | TICK: 860| CR:{'idx': 4, 'opcode': 'store', 'operand': 4, 'address': True, 'relative': False}
INFO INSTRUCTION: 194 | LOAD: DR => ACC | AR: 3 | IP: 6 | DR: 1597 | ACC: 1597 | NZC: 0 | TICK: 865| CR:{'idx': 5, 'opcode': 'load', 'operand': 3, 'address': True, 'relative': False}
INFO INSTRUCTION: 195 | STORE: ACC => RAM[AR] | AR: 2 | IP: 7 | DR: 1597 | ACC: 1597 | NZC: 0 | TICK: 869| CR:{'idx': 6, 'opcode': 'store', 'operand': 2, 'address': True, 'relative': False}
INFO INSTRUCTION: 196 | MOD: ACC % DR => ACC | AR: 7 | IP: 8 | DR: 2 | ACC: 1 | NZC: 0 | TICK: 872| CR:{'idx': 7, 'opcode': 'mod', 'operand': 2, 'address': False, 'relative': False}
INFO INSTRUCTION: 197 | JIFZ: Z: DR => IP | AR: 8 | IP: 9 | DR: 2 | ACC: 1 | NZC: 0 | TICK: 877| CR:{'idx': 8, 'opcode': 'jifz', 'operand': 15, 'address': True, 'relative': False}
INFO INSTRUCTION: 198 | LOAD: DR => ACC | AR: 3 | IP: 10 | DR: 1597 | ACC: 1597 | NZC: 0 | TICK: 882| CR:{'idx': 9, 'opcode': 'load', 'operand': 3, 'address': True, 'relative': False}
INFO INSTRUCTION: 199 | SUB: ACC - DR => ACC | AR: 10 | IP: 11 | DR: 4000000 | ACC: -3998403 | NZC: 100 | TICK: 885| CR:{'idx': 10, 'opcode': 'sub', 'operand': 4000000, 'address': False, 'relative': False}
INFO INSTRUCTION: 200 | JIFN:N: DR => IP | AR: 0 | IP: 0 | DR: 0 | ACC: -3998403 | NZC: 100 | TICK: 890| CR:{'idx': 11, 'opcode': 'jifn', 'operand': 0, 'address': True, 'relative': False}
INFO INSTRUCTION: 201 | LOAD: DR => ACC | AR: 4 | IP: 1 | DR: 2584 | ACC: 2584 | NZC: 0 | TICK: 895| CR:{'idx': 0, 'opcode': 'load', 'operand': 4, 'address': True, 'relative': False}
INFO INSTRUCTION: 202 | STORE: ACC => RAM[AR] | AR: 3 | IP: 2 | DR: 2584 | ACC: 2584 | NZC: 0 | TICK: 899| CR:{'idx': 1, 'opcode': 'store', 'operand': 3, 'address': True, 'relative': False}
INFO INSTRUCTION: 203 | LOAD: DR => ACC | AR: 2 | IP: 3 | DR: 1597 | ACC: 1597 | NZC: 0 | TICK: 904| CR:{'idx': 2, 'opcode': 'load', 'operand': 2, 'address': True, 'relative': False}
INFO INSTRUCTION: 204 | ADD: ACC + DR => ACC | AR: 3 | IP: 4 | DR: 2584 | ACC: 4181 | NZC: 0 | TICK: 909| CR:{'idx': 3, 'opcode': 'add', 'operand': 3, 'address': True, 'relative': False}
INFO INSTRUCTION: 205 | STORE: ACC => RAM[AR] | AR: 4 | IP: 5 | DR: 2584 | ACC: 4181 | NZC: 0 | TICK: 913| CR:{'idx': 4, 'opcode': 'store', 'operand': 4, 'address': True, 'relative': False}
INFO INSTRUCTION: 206 | LOAD: DR => ACC | AR: 3 | IP: 6 | DR: 2584 | ACC: 2584 | NZC: 0 | TICK: 918| CR:{'idx': 5, 'opcode': 'load', 'operand': 3, 'address': True, 'relative': False}
INFO INSTRUCTION: 207 | STORE: ACC => RAM[AR] | AR: 2 | IP: 7 | DR: 2584 | ACC: 2584 | NZC: 0 | TICK: 922| CR:{'idx': 6, 'opcode': 'store', 'operand': 2, 'address': True, 'relative': False}
INFO INSTRUCTION: 208 | MOD: ACC % DR => ACC | AR: 7 | IP: 8 | DR: 2 | ACC: 0 | NZC: 10 | TICK: 925| CR:{'idx': 7, 'opcode': 'mod', 'operand': 2, 'address': False, 'relative': False}
INFO INSTRUCTION: 209 | JIFZ: Z: DR => IP | AR: 15 | IP: 15 | DR: 15 | ACC: 0 | NZC: 10 | TICK: 930| CR:{'idx': 8, 'opcode': 'jifz', 'operand': 15, 'address': True, 'relative': False}
INFO INSTRUCTION: 210 | LOAD: DR => ACC | AR: 5 | IP: 16 | DR: 798 | ACC: 798 | NZC: 0 | TICK: 935| CR:{'idx': 15, 'opcode': 'load', 'operand': 5, 'address': True, 'relative': False}
INFO INSTRUCTION: 211 | ADD: ACC + DR => ACC | AR: 16 | IP: 17 | DR: 2584 | ACC: 3382 | NZC: 0 | TICK: 940| CR:{'idx': 16, 'opcode': 'add', 'operand': 3, 'address': True, 'relative': False}
INFO INSTRUCTION: 212 | STORE: ACC => RAM[AR] | AR: 5 | IP: 18 | DR: 2584 | ACC: 3382 | NZC: 0 | TICK: 944| CR:{'idx': 17, 'opcode': 'store', 'operand': 5, 'address': True, 'relative': False}
INFO INSTRUCTION: 213 | JUMP: DR => IP | AR: 9 | IP: 9 | DR: 9 | ACC: 3382 | NZC: 0 | TICK: 949| CR:{'idx': 18, 'opcode': 'jmp', 'operand': 9, 'address': True, 'relative': False}
INFO INSTRUCTION: 214 | LOAD: DR => ACC | AR: 3 | IP: 10 | DR: 2584 | ACC: 2584 | NZC: 0 | TICK: 954| CR:{'idx': 9, 'opcode': 'load', 'operand': 3, 'address': True, 'relative': False}
INFO INSTRUCTION: 215 | SUB: ACC - DR => ACC | AR: 10 | IP: 11 | DR: 4000000 | ACC: -3997416 | NZC: 100 | TICK: 957| CR:{'idx': 10, 'opcode': 'sub', 'operand': 4000000, 'address': False, 'relative': False}
INFO INSTRUCTION: 216 | JIFN:N: DR => IP | AR: 0 | IP: 0 | DR: 0 | ACC: -3997416 | NZC: 100 | TICK: 962| CR:{'idx': 11, 'opcode': 'jifn', 'operand': 0, 'address': True, 'relative': False}
INFO INSTRUCTION: 217 | LOAD: DR => ACC | AR: 4 | IP: 1 | DR: 4181 | ACC: 4181 | NZC: 0 | TICK: 967| CR:{'idx': 0, 'opcode': 'load', 'operand': 4, 'address': True, 'relative': False}
INFO INSTRUCTION: 218 | STORE: ACC => RAM[AR] | AR: 3 | IP: 2 | DR: 4181 | ACC: 4181 | NZC: 0 | TICK: 971| CR:{'idx': 1, 'opcode': 'store', 'operand': 3, 'address': True, 'relative': False}
INFO INSTRUCTION: 219 | LOAD: DR => ACC | AR: 2 | IP: 3 | DR: 2584 | ACC: 2584 | NZC: 0 | TICK: 976| CR:{'idx': 2, 'opcode': 'load', 'operand': 2, 'address': True, 'relative': False}
INFO INSTRUCTION: 220 | ADD: ACC + DR => ACC | AR: 3 | IP: 4 | DR: 4181 | ACC: 6765 | NZC: 0 | TICK: 981| CR:{'idx': 3, 'opcode': 'add', 'operand': 3, 'address': True, 'relative': False}
INFO INSTRUCTION: 221 | STORE: ACC => RAM[AR] | AR: 4 | IP: 5 | DR: 4181 | ACC: 6765 | NZC: 0 | TICK: 985| CR:{'idx': 4, 'opcode': 'store', 'operand': 4, 'address': True, 'relative': False}
INFO INSTRUCTION: 222 | LOAD: DR => ACC | AR: 3 | IP: 6 | DR: 4181 | ACC: 4181 | NZC: 0 | TICK: 990| CR:{'idx': 5, 'opcode': 'load', 'operand': 3, 'address': True, 'relative': False}
INFO INSTRUCTION: 223 | STORE: ACC => RAM[AR] | AR: 2 | IP: 7 | DR: 4181 | ACC: 4181 | NZC: 0 | TICK: 994| CR:{'idx': 6, 'opcode': 'store', 'operand': 2, 'address': True, 'relative': False}
INFO INSTRUCTION: 224 | MOD: ACC % DR => ACC | AR: 7 | IP: 8 | DR: 2 | ACC: 1 | NZC: 0 | TICK: 997| CR:{'idx': 7, 'opcode': 'mod', 'operand': 2, 'address': False, 'relative': False}
INFO INSTRUCTION: 225 | JIFZ: Z: DR => IP | AR: 8 | IP: 9 | DR: 2 | ACC: 1 | NZC: 0 | TICK: 1002| CR:{'idx': 8, 'opcode': 'jifz', 'operand': 15, 'address': True, 'relative': False}
INFO INSTRUCTION: 226 | LOAD: DR => ACC | AR: 3 | IP: 10 | DR: 4181 | ACC: 4181 | NZC: 0 | TICK: 1007| CR:{'idx': 9, 'opcode': 'load', 'operand': 3, 'address': True, 'relative': False}
INFO INSTRUCTION: 227 | SUB: ACC - DR => ACC | AR: 10 | IP: 11 | DR: 4000000 | ACC: -3995819 | NZC: 100 | TICK: 1010| CR:{'idx': 10, 'opcode': 'sub', 'operand': 4000000, 'address': False, 'relative': False}
INFO INSTRUCTION: 228 | JIFN:N: DR => IP | AR: 0 | IP: 0 | DR: 0 | ACC: -3995819 | NZC: 100 | TICK: 1015| CR:{'idx': 11, 'opcode': 'jifn', 'operand': 0, 'address': True, 'relative': False}
INFO INSTRUCTION: 229 | LOAD: DR => ACC | AR: 4 | IP: 1 | DR: 6765 | ACC: 6765 | NZC: 0 | TICK: 1020| CR:{'idx': 0, 'opcode': 'load', 'operand': 4, 'address': True, 'relative': False}
INFO INSTRUCTION: 230 | STORE: ACC => RAM[AR] | AR: 3 | IP: 2 | DR: 6765 | ACC: 6765 | NZC: 0 | TICK: 1024| CR:{'idx': 1, 'opcode': 'store', 'operand': 3, 'address': True, 'relative': False}
INFO INSTRUCTION: 231 | LOAD: DR => ACC | AR: 2 | IP: 3 | DR: 4181 | ACC: 4181 | NZC: 0 | TICK: 1029| CR:{'idx': 2, 'opcode': 'load', 'operand': 2, 'address': True, 'relative': False}
INFO INSTRUCTION: 232 | ADD: ACC + DR => ACC | AR: 3 | IP: 4 | DR: 6765 | ACC: 10946 | NZC: 0 | TICK: 1034| CR:{'idx': 3, 'opcode': 'add', 'operand': 3, 'address': True, 'relative': False}
INFO INSTRUCTION: 233 | STORE: ACC => RAM[AR] | AR: 4 | IP: 5 | DR: 6765 | ACC: 10946 | NZC: 0 | TICK: 1038| CR:{'idx': 4, 'opcode': 'store', 'operand': 4, 'address': True, 'relative': False}
INFO INSTRUCTION: 234 | LOAD: DR => ACC | AR: 3 | IP: 6 | DR: 6765 | ACC: 6765 | NZC: 0 | TICK: 1043| CR:{'idx': 5, 'opcode': 'load', 'operand': 3, 'address': True, 'relative': False}
INFO INSTRUCTION: 235 | STORE: ACC => RAM[AR] | AR: 2 | IP: 7 | DR: 6765 | ACC: 6765 | NZC: 0 | TICK: 1047| CR:{'idx': 6, 'opcode': 'store', 'operand': 2, 'address': True, 'relative': False}
INFO INSTRUCTION: 236 | MOD: ACC % DR => ACC | AR: 7 | IP: 8 | DR: 2 | ACC: 1 | NZC: 0 | TICK: 1050| CR:{'idx': 7, 'opcode': 'mod', 'operand': 2, 'address': False, 'relative': False}
INFO INSTRUCTION: 237 | JIFZ: Z: DR => IP | AR: 8 | IP: 9 | DR: 2 | ACC: 1 | NZC: 0 | TICK: 1055| CR:{'idx': 8, 'opcode': 'jifz', 'operand': 15, 'address': True, 'relative': False}
INFO INSTRUCTION: 238 | LOAD: DR => ACC | AR: 3 | IP: 10 | DR: 6765 | ACC: 6765 | NZC: 0 | TICK: 1060| CR:{'idx': 9, 'opcode': 'load', 'operand': 3, 'address': True, 'relative': False}
INFO INSTRUCTION: 239 | SUB: ACC - DR => ACC | AR: 10 | IP: 11 | DR: 4000000 | ACC: -3993235 | NZC: 100 | TICK: 1063| CR:{'idx': 10, 'opcode': 'sub', 'operand': 4000000, 'address': False, 'relative': False}
INFO INSTRUCTION: 240 | JIFN:N: DR => IP | AR: 0 | IP: 0 | DR: 0 | ACC: -3993235 | NZC: 100 | TICK: 1068| CR:{'idx': 11, 'opcode': 'jifn', 'operand': 0, 'address': True, 'relative': False}
INFO INSTRUCTION: 241 | LOAD: DR => ACC | AR: 4 | IP: 1 | DR: 10946 | ACC: 10946 | NZC: 0 | TICK: 1073| CR:{'idx': 0, 'opcode': 'load', 'operand': 4, 'address': True, 'relative': False}
INFO INSTRUCTION: 242 | STORE: ACC => RAM[AR] | AR: 3 | IP: 2 | DR: 10946 | ACC: 10946 | NZC: 0 | TICK: 1077| CR:{'idx': 1, 'opcode': 'store', 'operand': 3, 'address': True, 'relative': False}
INFO INSTRUCTION: 243 | LOAD: DR => ACC | AR: 2 | IP: 3 | DR: 6765 | ACC: 6765 | NZC: 0 | TICK: 1082| CR:{'idx': 2, 'opcode': 'load', 'operand': 2, 'address': True, 'relative': False}
INFO INSTRUCTION: 244 | ADD: ACC + DR => ACC | AR: 3 | IP: 4 | DR: 10946 | ACC: 17711 | NZC: 0 | TICK: 1087| CR:{'idx': 3, 'opcode': 'add', 'operand': 3, 'address': True, 'relative': False}
INFO INSTRUCTION: 245 | STORE: ACC => RAM[AR] | AR: 4 | IP: 5 | DR: 10946 | ACC: 17711 | NZC: 0 | TICK: 1091| CR:{'idx': 4, 'opcode': 'store', 'operand': 4, 'address': True, 'relative': False}
INFO INSTRUCTION: 246 | LOAD: DR => ACC | AR: 3 | IP: 6 | DR: 10946 | ACC: 10946 | NZC: 0 | TICK: 1096| CR:{'idx': 5, 'opcode': 'load', 'operand': 3, 'address': True, 'relative': False}
INFO INSTRUCTION: 247 | STORE: ACC => RAM[AR] | AR: 2 | IP: 7 | DR: 10946 | ACC: 10946 | NZC: 0 | TICK: 1100| CR:{'idx': 6, 'opcode': 'store', 'operand': 2, 'address': True, 'relative': False}
INFO INSTRUCTION: 248 | MOD: ACC % DR => ACC | AR: 7 | IP: 8 | DR: 2 | ACC: 0 | NZC: 10 | TICK: 1103| CR:{'idx': 7, 'opcode': 'mod', 'operand': 2, 'address': False, 'relative': False}
INFO INSTRUCTION: 249 | JIFZ: Z: DR => IP | AR: 15 | IP: 15 | DR: 15 | ACC: 0 | NZC: 10 | TICK: 1108| CR:{'idx': 8, 'opcode': 'jifz', 'operand': 15, 'address': True, 'relative': False}
INFO INSTRUCTION: 250 | LOAD: DR => ACC | AR: 5 | IP: 16 | DR: 3382 | ACC: 3382 | NZC: 0 | TICK: 1113| CR:{'idx': 15, 'opcode': 'load', 'operand': 5, 'address': True, 'relative': False}
INFO INSTRUCTION: 251 | ADD: ACC + DR => ACC | AR: 16 | IP: 17 | DR: 10946 | ACC: 14328 | NZC: 0 | TICK: 1118| CR:{'idx': 16, 'opcode': 'add', 'operand': 3, 'address': True, 'relative': False}
INFO INSTRUCTION: 252 | STORE: ACC => RAM[AR] | AR: 5 | IP: 18 | DR: 10946 | ACC: 14328 | NZC: 0 | TICK: 1122| CR:{'idx': 17, 'opcode': 'store', 'operand': 5, 'address': True, 'relative': False}
INFO INSTRUCTION: 253 | JUMP: DR => IP | AR: 9 | IP: 9 | DR: 9 | ACC: 14328 | NZC: 0 | TICK: 1127| CR:{'idx': 18, 'opcode': 'jmp', 'operand': 9, 'address': True, 'relative': False}
INFO INSTRUCTION: 254 | LOAD: DR => ACC | AR: 3 | IP: 10 | DR: 10946 | ACC: 10946 | NZC: 0 | TICK: 1132| CR:{'idx': 9, 'opcode': 'load', 'operand': 3, 'address': True, 'relative': False}
INFO INSTRUCTION: 255 | SUB: ACC - DR => ACC | AR: 10 | IP: 11 | DR: 4000000 | ACC: -3989054 | NZC: 100 | TICK: 1135| CR:{'idx': 10, 'opcode': 'sub', 'operand': 4000000, 'address': False, 'relative': False}
INFO INSTRUCTION: 256 | JIFN:N: DR => IP | AR: 0 | IP: 0 | DR: 0 | ACC: -3989054 | NZC: 100 | TICK: 1140| CR:{'idx': 11, 'opcode': 'jifn', 'operand': 0, 'address': True, 'relative': False}
INFO INSTRUCTION: 257 | LOAD: DR => ACC | AR: 4 | IP: 1 | DR: 17711 | ACC: 17711 | NZC: 0 | TICK: 1145| CR:{'idx': 0, 'opcode': 'load', 'operand': 4, 'address': True, 'relative': False}
INFO INSTRUCTION: 258 | STORE: ACC => RAM[AR] | AR: 3 | IP: 2 | DR: 17711 | ACC: 17711 | NZC: 0 | TICK: 1149| CR:{'idx': 1, 'opcode': 'store', 'operand': 3, 'address': True, 'relative': False}
INFO INSTRUCTION: 259 | LOAD: DR => ACC | AR: 2 | IP: 3 | DR: 10946 | ACC: 10946 | NZC: 0 | TICK: 1154| CR:{'idx': 2, 'opcode': 'load', 'operand': 2, 'address': True, 'relative': False}
INFO INSTRUCTION: 260 | ADD: ACC + DR => ACC | AR: 3 | IP: 4 | DR: 17711 | ACC: 28657 | NZC: 0 | TICK: 1159| CR:{'idx': 3, 'opcode': 'add', 'operand': 3, 'address': True, 'relative': False}
INFO INSTRUCTION: 261 | STORE: ACC => RAM[AR] | AR: 4 | IP: 5 | DR: 17711 | ACC: 28657 | NZC: 0 | TICK: 1163| CR:{'idx': 4, 'opcode': 'store', 'operand': 4, 'address': True, 'relative': False}
INFO INSTRUCTION: 262 | LOAD: DR => ACC | AR: 3 | IP: 6 | DR: 17711 | ACC: 17711 | NZC: 0 | TICK: 1168| CR:{'idx': 5, 'opcode': 'load', 'operand': 3, 'address': True, 'relative': False}
INFO INSTRUCTION: 263 | STORE: ACC => RAM[AR] | AR: 2 | IP: 7 | DR: 17711 | ACC: 17711 | NZC: 0 | TICK: 1172| CR:{'idx': 6, 'opcode': 'store', 'operand': 2, 'address': True, 'relative': False}
INFO INSTRUCTION: 264 | MOD: ACC % DR => ACC | AR: 7 | IP: 8 | DR: 2 | ACC: 1 | NZC: 0 | TICK: 1175| CR:{'idx': 7, 'opcode': 'mod', 'operand': 2, 'address': False, 'relative': False}
INFO INSTRUCTION: 265 | JIFZ: Z: DR => IP | AR: 8 | IP: 9 | DR: 2 | ACC: 1 | NZC: 0 | TICK: 1180| CR:{'idx': 8, 'opcode': 'jifz', 'operand': 15, 'address': True, 'relative': False}
INFO INSTRUCTION: 266 | LOAD: DR => ACC | AR: 3 | IP: 10 | DR: 17711 | ACC: 17711 | NZC: 0 | TICK: 1185| CR:{'idx': 9, 'opcode': 'load', 'operand': 3, 'address': True, 'relative': False}
INFO INSTRUCTION: 267 | SUB: ACC - DR => ACC | AR: 10 | IP: 11 | DR: 4000000 | ACC: -3982289 | NZC: 100 | TICK: 1188| CR:{'idx': 10, 'opcode': 'sub', 'operand': 4000000, 'address': False, 'relative': False}
INFO INSTRUCTION: 268 | JIFN:N: DR => IP | AR: 0 | IP: 0 | DR: 0 | ACC: -3982289 | NZC: 100 | TICK: 1193| CR:{'idx': 11, 'opcode': 'jifn', 'operand': 0, 'address': True, 'relative': False}
INFO INSTRUCTION: 269 | LOAD: DR => ACC | AR: 4 | IP: 1 | DR: 28657 | ACC: 28657 | NZC: 0 | TICK: 1198| CR:{'idx': 0, 'opcode': 'load', 'operand': 4, 'address': True, 'relative': False}
INFO INSTRUCTION: 270 | STORE: ACC => RAM[AR] | AR: 3 | IP: 2 | DR: 28657 | ACC: 28657 | NZC: 0 | TICK: 1202| CR:{'idx': 1, 'opcode': 'store', 'operand': 3, 'address': True, 'relative': False}
INFO INSTRUCTION: 271 | LOAD: DR => ACC | AR: 2 | IP: 3 | DR: 17711 | ACC: 17711 | NZC: 0 | TICK: 1207| CR:{'idx': 2, 'opcode': 'load', 'operand': 2, 'address': True, 'relative': False}
INFO INSTRUCTION: 272 | ADD: ACC + DR => ACC | AR: 3 | IP: 4 | DR: 28657 | ACC: 46368 | NZC: 0 | TICK: 1212| CR:{'idx': 3, 'opcode': 'add', 'operand': 3, 'address': True, 'relative': False}
INFO INSTRUCTION: 273 | STORE: ACC => RAM[AR] | AR: 4 | IP: 5 | DR: 28657 | ACC: 46368 | NZC: 0 | TICK: 1216| CR:{'idx': 4, 'opcode': 'store', 'operand': 4, 'address': True, 'relative': False}
INFO INSTRUCTION: 274 | LOAD: DR => ACC | AR: 3 | IP: 6 | DR: 28657 | ACC: 28657 | NZC: 0 | TICK: 1221| CR:{'idx': 5, 'opcode': 'load', 'operand': 3, 'address': True, 'relative': False}
INFO INSTRUCTION: 275 | STORE: ACC => RAM[AR] | AR: 2 | IP: 7 | DR: 28657 | ACC: 28657 | NZC: 0 | TICK: 1225| CR:{'idx': 6, 'opcode': 'store', 'operand': 2, 'address': True, 'relative': False}
INFO INSTRUCTION: 276 | MOD: ACC % DR => ACC | AR: 7 | IP: 8 | DR: 2 | ACC: 1 | NZC: 0 | TICK: 1228| CR:{'idx': 7, 'opcode': 'mod', 'operand': 2, 'address': False, 'relative': False}
INFO INSTRUCTION: 277 | JIFZ: Z: DR => IP | AR: 8 | IP: 9 | DR: 2 | ACC: 1 | NZC: 0 | TICK: 1233| CR:{'idx': 8, 'opcode': 'jifz', 'operand': 15, 'address': True, 'relative': False}
INFO INSTRUCTION: 278 | LOAD: DR => ACC | AR: 3 | IP: 10 | DR: 28657 | ACC: 28657 | NZC: 0 | TICK: 1238| CR:{'idx': 9, 'opcode': 'load', 'operand': 3, 'address': True, 'relative': False}
INFO INSTRUCTION: 279 | SUB: ACC - DR => ACC | AR: 10 | IP: 11 | DR: 4000000 | ACC: -3971343 | NZC: 100 | TICK: 1241| CR:{'idx': 10, 'opcode': 'sub', 'operand': 4000000, 'address': False, 'relative': False}
INFO INSTRUCTION: 280 | JIFN:N: DR => IP | AR: 0 | IP: 0 | DR: 0 | ACC: -3971343 | NZC: 100 | TICK: 1246| CR:{'idx': 11, 'opcode': 'jifn', 'operand': 0, 'address': True, 'relative': False}
INFO INSTRUCTION: 281 | LOAD: DR => ACC | AR: 4 | IP: 1 | DR: 46368 | ACC: 46368 | NZC: 0 | TICK: 1251| CR:{'idx': 0, 'opcode': 'load', 'operand': 4, 'address': True, 'relative': False}
INFO INSTRUCTION: 282 | STORE: ACC => RAM[AR] | AR: 3 | IP: 2 | DR: 46368 | ACC: 46368 | NZC: 0 | TICK: 1255| CR:{'idx': 1, 'opcode': 'store', 'operand': 3, 'address': True, 'relative': False}
INFO INSTRUCTION: 283 | LOAD: DR => ACC | AR: 2 | IP: 3 | DR: 28657 | ACC: 28657 | NZC: 0 | TICK: 1260| CR:{'idx': 2, 'opcode': 'load', 'operand': 2, 'address': True, 'relative': False}
INFO INSTRUCTION: 284 | ADD: ACC + DR => ACC | AR: 3 | IP: 4 | DR: 46368 | ACC: 75025 | NZC: 0 | TICK: 1265| CR:{'idx': 3, 'opcode': 'add', 'operand': 3, 'address': True, 'relative': False}
INFO INSTRUCTION: 285 | STORE: ACC => RAM[AR] | AR: 4 | IP: 5 | DR: 46368 | ACC: 75025 | NZC: 0 | TICK: 1269| CR:{'idx': 4, 'opcode': 'store', 'operand': 4, 'address': True, 'relative': False}
INFO INSTRUCTION: 286 | LOAD: DR => ACC | AR: 3 | IP: 6 | DR: 46368 | ACC: 46368 | NZC: 0 | TICK: 1274| CR:{'idx': 5, 'opcode': 'load', 'operand': 3, 'address': True, 'relative': False}
INFO INSTRUCTION: 287 | STORE: ACC => RAM[AR] | AR: 2 | IP: 7 | DR: 46368 | ACC: 46368 | NZC: 0 | TICK: 1278| CR:{'idx': 6, 'opcode': 'store', 'operand': 2, 'address': True, 'relative': False}
INFO INSTRUCTION: 288 | MOD: ACC % DR => ACC | AR: 7 | IP: 8 | DR: 2 | ACC: 0 | NZC: 10 | TICK: 1281| CR:{'idx': 7, 'opcode': 'mod', 'operand': 2, 'address': False, 'relative': False}
INFO INSTRUCTION: 289 | JIFZ: Z: DR => IP | AR: 15 | IP: 15 | DR: 15 | ACC: 0 | NZC: 10 | TICK: 1286| CR:{'idx': 8, 'opcode': 'jifz', 'operand': 15, 'address': True, 'relative': False}
INFO INSTRUCTION: 290 | LOAD: DR => ACC | AR: 5 | IP: 16 | DR: 14328 | ACC: 14328 | NZC: 0 | TICK: 1291| CR:{'idx': 15, 'opcode': 'load', 'operand': 5, 'address': True, 'relative': False}
INFO INSTRUCTION: 291 | ADD: ACC + DR => ACC | AR: 16 | IP: 17 | DR: 46368 | ACC: 60696 | NZC: 0 | TICK: 1296| CR:{'idx': 16, 'opcode': 'add', 'operand': 3, 'address': True, 'relative': False}
INFO INSTRUCTION: 292 | STORE: ACC => RAM[AR] | AR: 5 | IP: 18 | DR: 46368 | ACC: 60696 | NZC: 0 | TICK: 1300| CR:{'idx': 17, 'opcode': 'store', 'operand': 5, 'address': True, 'relative': False}
INFO INSTRUCTION: 293 | JUMP: DR => IP | AR: 9 | IP: 9 | DR: 9 | ACC: 60696 | NZC: 0 | TICK: 1305| CR:{'idx': 18, 'opcode': 'jmp', 'operand': 9, 'address': True, 'relative': False}
INFO INSTRUCTION: 294 | LOAD: DR => ACC | AR: 3 | IP: 10 | DR: 46368 | ACC: 46368 | NZC: 0 | TICK: 1310| CR:{'idx': 9, 'opcode': 'load', 'operand': 3, 'address': True, 'relative': False}
INFO INSTRUCTION: 295 | SUB: ACC - DR => ACC | AR: 10 | IP: 11 | DR: 4000000 | ACC: -3953632 | NZC: 100 | TICK: 1313| CR:{'idx': 10, 'opcode': 'sub', 'operand': 4000000, 'address': False, 'relative': False}
INFO INSTRUCTION: 296 | JIFN:N: DR => IP | AR: 0 | IP: 0 | DR: 0 | ACC: -3953632 | NZC: 100 | TICK: 1318| CR:{'idx': 11, 'opcode': 'jifn', 'operand': 0, 'address': True, 'relative': False}
INFO INSTRUCTION: 297 | LOAD: DR => ACC | AR: 4 | IP: 1 | DR: 75025 | ACC: 75025 | NZC: 0 | TICK: 1323| CR:{'idx': 0, 'opcode': 'load', 'operand': 4, 'address': True, 'relative': False}
INFO INSTRUCTION: 298 | STORE: ACC => RAM[AR] | AR: 3 | IP: 2 | DR: 75025 | ACC: 75025 | NZC: 0 | TICK: 1327| CR:{'idx': 1, 'opcode': 'store', 'operand': 3, 'address': True, 'relative': False}
INFO INSTRUCTION: 299 | LOAD: DR => ACC | AR: 2 | IP: 3 | DR: 46368 | ACC: 46368 | NZC: 0 | TICK: 1332| CR:{'idx': 2, 'opcode': 'load', 'operand': 2, 'address': True, 'relative': False}
INFO INSTRUCTION: 300 | ADD: ACC + DR => ACC | AR: 3 | IP: 4 | DR: 75025 | ACC: 121393 | NZC: 0 | TICK: 1337| CR:{'idx': 3, 'opcode': 'add', 'operand': 3, 'address': True, 'relative': False}
INFO INSTRUCTION: 301 | STORE: ACC => RAM[AR] | AR: 4 | IP: 5 | DR: 75025 | ACC: 121393 | NZC: 0 | TICK: 1341| CR:{'idx': 4, 'opcode': 'store', 'operand': 4, 'address': True, 'relative': False}
INFO INSTRUCTION: 302 | LOAD: DR => ACC | AR: 3 | IP: 6 | DR: 75025 | ACC: 75025 | NZC: 0 | TICK: 1346| CR:{'idx': 5, 'opcode': 'load', 'operand': 3, 'address': True, 'relative': False}
INFO INSTRUCTION: 303 | STORE: ACC => RAM[AR] | AR: 2 | IP: 7 | DR: 75025 | ACC: 75025 | NZC: 0 | TICK: 1350| CR:{'idx': 6, 'opcode': 'store', 'operand': 2, 'address': True, 'relative': False}
INFO INSTRUCTION: 304 | MOD: ACC % DR => ACC | AR: 7 | IP: 8 | DR: 2 | ACC: 1 | NZC: 0 | TICK: 1353| CR:{'idx': 7, 'opcode': 'mod', 'operand': 2, 'address': False, 'relative': False}
INFO INSTRUCTION: 305 | JIFZ: Z: DR => IP | AR: 8 | IP: 9 | DR: 2 | ACC: 1 | NZC: 0 | TICK: 1358| CR:{'idx': 8, 'opcode': 'jifz', 'operand': 15, 'address': True, 'relative': False}
INFO INSTRUCTION: 306 | LOAD: DR => ACC | AR: 3 | IP: 10 | DR: 75025 | ACC: 75025 | NZC: 0 | TICK: 1363| CR:{'idx': 9, 'opcode': 'load', 'operand': 3, 'address': True, 'relative': False}
INFO INSTRUCTION: 307 | SUB: ACC - DR => ACC | AR: 10 | IP: 11 | DR: 4000000 | ACC: -3924975 | NZC: 100 | TICK: 1366| CR:{'idx': 10, 'opcode': 'sub', 'operand': 4000000, 'address': False, 'relative': False}
INFO INSTRUCTION: 308 | JIFN:N: DR => IP | AR: 0 | IP: 0 | DR: 0 | ACC: -3924975 | NZC: 100 | TICK: 1371| CR:{'idx': 11, 'opcode': 'jifn', 'operand': 0, 'address': True, 'relative': False}
INFO INSTRUCTION: 309 | LOAD: DR => ACC | AR: 4 | IP: 1 | DR: 121393 | ACC: 121393 | NZC: 0 | TICK: 1376| CR:{'idx': 0, 'opcode': 'load', 'operand': 4, 'address': True, 'relative': False}
INFO INSTRUCTION: 310 | STORE: ACC => RAM[AR] | AR: 3 | IP: 2 | DR: 121393 | ACC: 121393 | NZC: 0 | TICK: 1380| CR:{'idx': 1, 'opcode': 'store', 'operand': 3, 'address': True, 'relative': False}
INFO INSTRUCTION: 311 | LOAD: DR => ACC | AR: 2 | IP: 3 | DR: 75025 | ACC: 75025 | NZC: 0 | TICK: 1385| CR:{'idx': 2, 'opcode': 'load', 'operand': 2, 'address': True, 'relative': False}
INFO INSTRUCTION: 312 | ADD: ACC + DR => ACC | AR: 3 | IP: 4 | DR: 121393 | ACC: 196418 | NZC: 0 | TICK: 1390| CR:{'idx': 3, 'opcode': 'add', 'operand': 3, 'address': True, 'relative': False}
INFO INSTRUCTION: 313 | STORE: ACC => RAM[AR] | AR: 4 | IP: 5 | DR: 121393 | ACC: 196418 | NZC: 0 | TICK: 1394| CR:{'idx': 4, 'opcode': 'store', 'operand': 4, 'address': True, 'relative': False}
INFO INSTRUCTION: 314 | LOAD: DR => ACC | AR: 3 | IP: 6 | DR: 121393 | ACC: 121393 | NZC: 0 | TICK: 1399| CR:{'idx': 5, 'opcode': 'load', 'operand': 3, 'address': True, 'relative': False}
INFO INSTRUCTION: 315 | STORE: ACC => RAM[AR] | AR: 2 | IP: 7 | DR: 121393 | ACC: 121393 | NZC: 0 | TICK: 1403| CR:{'idx': 6, 'opcode': 'store', 'operand': 2, 'address': True, 'relative': False}
INFO INSTRUCTION: 316 | MOD: ACC % DR => ACC | AR: 7 | IP: 8 | DR: 2 | ACC: 1 | NZC: 0 | TICK: 1406| CR:{'idx': 7, 'opcode': 'mod', 'operand': 2, 'address': False, 'relative': False}
INFO INSTRUCTION: 317 | JIFZ: Z: DR => IP | AR: 8 | IP: 9 | DR: 2 | ACC: 1 | NZC: 0 | TICK: 1411| CR:{'idx': 8, 'opcode': 'jifz', 'operand': 15, 'address': True, 'relative': False}
INFO INSTRUCTION: 318 | LOAD: DR => ACC | AR: 3 | IP: 10 | DR: 121393 | ACC: 121393 | NZC: 0 | TICK: 1416| CR:{'idx': 9, 'opcode': 'load', 'operand': 3, 'address': True, 'relative': False}
INFO INSTRUCTION: 319 | SUB: ACC - DR => ACC | AR: 10 | IP: 11 | DR: 4000000 | ACC: -3878607 | NZC: 100 | TICK: 1419| CR:{'idx': 10, 'opcode': 'sub', 'operand': 4000000, 'address': False, 'relative': False}
INFO INSTRUCTION: 320 | JIFN:N: DR => IP | AR: 0 | IP: 0 | DR: 0 | ACC: -3878607 | NZC: 100 | TICK: 1424| CR:{'idx': 11, 'opcode': 'jifn', 'operand': 0, 'address': True, 'relative': False}
INFO INSTRUCTION: 321 | LOAD: DR => ACC | AR: 4 | IP: 1 | DR: 196418 | ACC: 196418 | NZC: 0 | TICK: 1429| CR:{'idx': 0, 'opcode': 'load', 'operand': 4, 'address': True, 'relative': False}
INFO INSTRUCTION: 322 | STORE: ACC => RAM[AR] | AR: 3 | IP: 2 | DR: 196418 | ACC: 196418 | NZC: 0 | TICK: 1433| CR:{'idx': 1, 'opcode': 'store', 'operand': 3, 'address': True, 'relative': False}
INFO INSTRUCTION: 323 | LOAD: DR => ACC | AR: 2 | IP: 3 | DR: 121393 | ACC: 121393 | NZC: 0 | TICK: 1438| CR:{'idx': 2, 'opcode': 'load', 'operand': 2, 'address': True, 'relative': False}
INFO INSTRUCTION: 324 | ADD: ACC + DR => ACC | AR: 3 | IP: 4 | DR: 196418 | ACC: 317811 | NZC: 0 | TICK: 1443| CR:{'idx': 3, 'opcode': 'add', 'operand': 3, 'address': True, 'relative': False}
INFO INSTRUCTION: 325 | STORE: ACC => RAM[AR] | AR: 4 | IP: 5 | DR: 196418 | ACC: 317811 | NZC: 0 | TICK: 1447| CR:{'idx': 4, 'opcode': 'store', 'operand': 4, 'address': True, 'relative': False}
INFO INSTRUCTION: 326 | LOAD: DR => ACC | AR: 3 | IP: 6 | DR: 196418 | ACC: 196418 | NZC: 0 | TICK: 1452| CR:{'idx': 5, 'opcode': 'load', 'operand': 3, 'address': True, 'relative': False}
INFO INSTRUCTION: 327 | STORE: ACC => RAM[AR] | AR: 2 | IP: 7 | DR: 196418 | ACC: 196418 | NZC: 0 | TICK: 1456| CR:{'idx': 6, 'opcode': 'store', 'operand': 2, 'address': True, 'relative': False}
INFO INSTRUCTION: 328 | MOD: ACC % DR => ACC | AR: 7 | IP: 8 | DR: 2 | ACC: 0 | NZC: 10 | TICK: 1459| CR:{'idx': 7, 'opcode': 'mod', 'operand': 2, 'address': False, 'relative': False}
INFO INSTRUCTION: 329 | JIFZ: Z: DR => IP | AR: 15 | IP: 15 | DR: 15 | ACC: 0 | NZC: 10 | TICK: 1464| CR:{'idx': 8, 'opcode': 'jifz', 'operand': 15, 'address': True, 'relative': False}
INFO INSTRUCTION: 330 | LOAD: DR => ACC | AR: 5 | IP: 16 | DR: 60696 | ACC: 60696 | NZC: 0 | TICK: 1469| CR:{'idx': 15, 'opcode': 'load', 'operand': 5, 'address': True, 'relative': False}
INFO INSTRUCTION: 331 | ADD: ACC + DR => ACC | AR: 16 | IP: 17 | DR: 196418 | ACC: 257114 | NZC: 0 | TICK: 1474| CR:{'idx': 16, 'opcode': 'add', 'operand': 3, 'address': True, 'relative': False}
INFO INSTRUCTION: 332 | STORE: ACC => RAM[AR] | AR: 5 | IP: 18 | DR: 196418 | ACC: 257114 | NZC: 0 | TICK: 1478| CR:{'idx': 17, 'opcode': 'store', 'operand': 5, 'address': True, 'relative': False}
INFO INSTRUCTION: 333 | JUMP: DR => IP | AR: 9 | IP: 9 | DR: 9 | ACC: 257114 | NZC: 0 | TICK: 1483| CR:{'idx': 18, 'opcode': 'jmp', 'operand': 9, 'address': True, 'relative': False}
INFO INSTRUCTION: 334 | LOAD: DR => ACC | AR: 3 | IP: 10 | DR: 196418 | ACC: 196418 | NZC: 0 | TICK: 1488| CR:{'idx': 9, 'opcode': 'load', 'operand': 3, 'address': True, 'relative': False}
INFO INSTRUCTION: 335 | SUB: ACC - DR => ACC | AR: 10 | IP: 11 | DR: 4000000 | ACC: -3803582 | NZC: 100 | TICK: 1491| CR:{'idx': 10, 'opcode': 'sub', 'operand': 4000000, 'address': False, 'relative': False}
INFO INSTRUCTION: 336 | JIFN:N: DR => IP | AR: 0 | IP: 0 | DR: 0 | ACC: -3803582 | NZC: 100 | TICK: 1496| CR:{'idx': 11, 'opcode': 'jifn', 'operand': 0, 'address': True, 'relative': False}
INFO INSTRUCTION: 337 | LOAD: DR => ACC | AR: 4 | IP: 1 | DR: 317811 | ACC: 317811 | NZC: 0 | TICK: 1501| CR:{'idx': 0, 'opcode': 'load', 'operand': 4, 'address': True, 'relative': False}
INFO INSTRUCTION: 338 | STORE: ACC => RAM[AR] | AR: 3 | IP: 2 | DR: 317811 | ACC: 317811 | NZC: 0 | TICK: 1505| CR:{'idx': 1, 'opcode': 'store', 'operand': 3, 'address': True, 'relative': False}
INFO INSTRUCTION: 339 | LOAD: DR => ACC | AR: 2 | IP: 3 | DR: 196418 | ACC: 196418 | NZC: 0 | TICK: 1510| CR:{'idx': 2, 'opcode': 'load', 'operand': 2, 'address': True, 'relative': False}
INFO INSTRUCTION: 340 | ADD: ACC + DR => ACC | AR: 3 | IP: 4 | DR: 317811 | ACC: 514229 | NZC: 0 | TICK: 1515| CR:{'idx': 3, 'opcode': 'add', 'operand': 3, 'address': True, 'relative': False}
INFO INSTRUCTION: 341 | STORE: ACC => RAM[AR] | AR: 4 | IP: 5 | DR: 317811 | ACC: 514229 | NZC: 0 | TICK: 1519| CR:{'idx': 4, 'opcode': 'store', 'operand': 4, 'address': True, 'relative': False}
INFO INSTRUCTION: 342 | LOAD: DR => ACC | AR: 3 | IP: 6 | DR: 317811 | ACC: 317811 | NZC: 0 | TICK: 1524| CR:{'idx': 5, 'opcode': 'load', 'operand': 3, 'address': True, 'relative': False}
INFO INSTRUCTION: 343 | STORE: ACC => RAM[AR] | AR: 2 | IP: 7 | DR: 317811 | ACC: 317811 | NZC: 0 | TICK: 1528| CR:{'idx': 6, 'opcode': 'store', 'operand': 2, 'address': True, 'relative': False}
INFO INSTRUCTION: 344 | MOD: ACC % DR => ACC | AR: 7 | IP: 8 | DR: 2 | ACC: 1 | NZC: 0 | TICK: 1531| CR:{'idx': 7, 'opcode': 'mod', 'operand': 2, 'address': False, 'relative': False}
INFO INSTRUCTION: 345 | JIFZ: Z: DR => IP | AR: 8 | IP: 9 | DR: 2 | ACC: 1 | NZC: 0 | TICK: 1536| CR:{'idx': 8, 'opcode': 'jifz', 'operand': 15, 'address': True, 'relative': False}
INFO INSTRUCTION: 346 | LOAD: DR => ACC | AR: 3 | IP: 10 | DR: 317811 | ACC: 317811 | NZC: 0 | TICK: 1541| CR:{'idx': 9, 'opcode': 'load', 'operand': 3, 'address': True, 'relative': False}
INFO INSTRUCTION: 347 | SUB: ACC - DR => ACC | AR: 10 | IP: 11 | DR: 4000000 | ACC: -3682189 | NZC: 100 | TICK: 1544| CR:{'idx': 10, 'opcode': 'sub', 'operand': 4000000, 'address': False, 'relative': False}
INFO INSTRUCTION: 348 | JIFN:N: DR => IP | AR: 0 | IP: 0 | DR: 0 | ACC: -3682189 | NZC: 100 | TICK: 1549| CR:{'idx': 11, 'opcode': 'jifn', 'operand': 0, 'address': True, 'relative': False}
INFO INSTRUCTION: 349 | LOAD: DR => ACC | AR: 4 | IP: 1 | DR: 514229 | ACC: 514229 | NZC: 0 | TICK: 1554| CR:{'idx': 0, 'opcode': 'load', 'operand': 4, 'address': True, 'relative': False}
INFO INSTRUCTION: 350 | STORE: ACC => RAM[AR] | AR: 3 | IP: 2 | DR: 514229 | ACC: 514229 | NZC: 0 | TICK: 1558| CR:{'idx': 1, 'opcode': 'store', 'operand': 3, 'address': True, 'relative': False}
INFO INSTRUCTION: 351 | LOAD: DR => ACC | AR: 2 | IP: 3 | DR: 317811 | ACC: 317811 | NZC: 0 | TICK: 1563| CR:{'idx': 2, 'opcode': 'load', 'operand': 2, 'address': True, 'relative': False}
INFO INSTRUCTION: 352 | ADD: ACC + DR => ACC | AR: 3 | IP: 4 | DR: 514229 | ACC: 832040 | NZC: 0 | TICK: 1568| CR:{'idx': 3, 'opcode': 'add', 'operand': 3, 'address': True, 'relative': False}
INFO INSTRUCTION: 353 | STORE: ACC => RAM[AR] | AR: 4 | IP: 5 | DR: 514229 | ACC: 832040 | NZC: 0 | TICK: 1572| CR:{'idx': 4, 'opcode': 'store', 'operand': 4, 'address': True, 'relative': False}
INFO INSTRUCTION: 354 | LOAD: DR => ACC | AR: 3 | IP: 6 | DR: 514229 | ACC: 514229 | NZC: 0 | TICK: 1577| CR:{'idx': 5, 'opcode': 'load', 'operand': 3, 'address': True, 'relative': False}
INFO INSTRUCTION: 355 | STORE: ACC => RAM[AR] | AR: 2 | IP: 7 | DR: 514229 | ACC: 514229 | NZC: 0 | TICK: 1581| CR:{'idx': 6, 'opcode': 'store', 'operand': 2, 'address': True, 'relative': False}
INFO INSTRUCTION: 356 | MOD: ACC % DR => ACC | AR: 7 | IP: 8 | DR: 2 | ACC: 1 | NZC: 0 | TICK: 1584| CR:{'idx': 7, 'opcode': 'mod', 'operand': 2, 'address': False, 'relative': False}
INFO INSTRUCTION: 357 | JIFZ: Z: DR => IP | AR: 8 | IP: 9 | DR: 2 | ACC: 1 | NZC: 0 | TICK: 1589| CR:{'idx': 8, 'opcode': 'jifz', 'operand': 15, 'address': True, 'relative': False}
INFO INSTRUCTION: 358 | LOAD: DR => ACC | AR: 3 | IP: 10 | DR: 514229 | ACC: 514229 | NZC: 0 | TICK: 1594| CR:{'idx': 9, 'opcode': 'load', 'operand': 3, 'address': True, 'relative': False}
INFO INSTRUCTION: 359 | SUB: ACC - DR => ACC | AR: 10 | IP: 11 | DR: 4000000 | ACC: -3485771 | NZC: 100 | TICK: 1597| CR:{'idx': 10, 'opcode': 'sub', 'operand': 4000000, 'address': False, 'relative': False}
INFO INSTRUCTION: 360 | JIFN:N: DR => IP | AR: 0 | IP: 0 | DR: 0 | ACC: -3485771 | NZC: 100 | TICK: 1602| CR:{'idx': 11, 'opcode': 'jifn', 'operand': 0, 'address': True, 'relative': False}
INFO INSTRUCTION: 361 | LOAD: DR => ACC | AR: 4 | IP: 1 | DR: 832040 | ACC: 832040 | NZC: 0 | TICK: 1607| CR:{'idx': 0, 'opcode': 'load', 'operand': 4, 'address': True, 'relative': False}
INFO INSTRUCTION: 362 | STORE: ACC => RAM[AR] | AR: 3 | IP: 2 | DR: 832040 | ACC: 832040 | NZC: 0 | TICK: 1611| CR:{'idx': 1, 'opcode': 'store', 'operand': 3, 'address': True, 'relative': False}
INFO INSTRUCTION: 363 | LOAD: DR => ACC | AR: 2 | IP: 3 | DR: 514229 | ACC: 514229 | NZC: 0 | TICK: 1616| CR:{'idx': 2, 'opcode': 'load', 'operand': 2, 'address': True, 'relative': False}
INFO INSTRUCTION: 364 | ADD: ACC + DR => ACC | AR: 3 | IP: 4 | DR: 832040 | ACC: 1346269 | NZC: 0 | TICK: 1621| CR:{'idx': 3, 'opcode': 'add', 'operand': 3, 'address': True, 'relative': False}
INFO INSTRUCTION: 365 | STORE: ACC => RAM[AR] | AR: 4 | IP: 5 | DR: 832040 | ACC: 1346269 | NZC: 0 | TICK: 1625| CR:{'idx': 4, 'opcode': 'store', 'operand': 4, 'address': True, 'relative': False}
INFO INSTRUCTION: 366 | LOAD: DR => ACC | AR: 3 | IP: 6 | DR: 832040 | ACC: 832040 | NZC: 0 | TICK: 1630| CR:{'idx': 5, 'opcode': 'load', 'operand': 3, 'address': True, 'relative': False}
INFO INSTRUCTION: 367 | STORE: ACC => RAM[AR] | AR: 2 | IP: 7 | DR: 832040 | ACC: 832040 | NZC: 0 | TICK: 1634| CR:{'idx': 6, 'opcode': 'store', 'operand': 2, 'address': True, 'relative': False}
INFO INSTRUCTION: 368 | MOD: ACC % DR => ACC | AR: 7 | IP: 8 | DR: 2 | ACC: 0 | NZC: 10 | TICK: 1637| CR:{'idx': 7, 'opcode': 'mod', 'operand': 2, 'address': False, 'relative': False}
INFO INSTRUCTION: 369 | JIFZ: Z: DR => IP | AR: 15 | IP: 15 | DR: 15 | ACC: 0 | NZC: 10 | TICK: 1642| CR:{'idx': 8, 'opcode': 'jifz', 'operand': 15, 'address': True, 'relative': False}
INFO INSTRUCTION: 370 | LOAD: DR => ACC | AR: 5 | IP: 16 | DR: 257114 | ACC: 257114 | NZC: 0 | TICK: 1647| CR:{'idx': 15, 'opcode': 'load', 'operand': 5, 'address': True, 'relative': False}
INFO INSTRUCTION: 371 | ADD: ACC + DR => ACC | AR: 16 | IP: 17 | DR: 832040 | ACC: 1089154 | NZC: 0 | TICK: 1652| CR:{'idx': 16, 'opcode': 'add', 'operand': 3, 'address': True, 'relative': False}
INFO INSTRUCTION: 372 | STORE: ACC => RAM[AR] | AR: 5 | IP: 18 | DR: 832040 | ACC: 1089154 | NZC: 0 | TICK: 1656| CR:{'idx': 17, 'opcode': 'store', 'operand': 5, 'address': True, 'relative': False}
INFO INSTRUCTION: 373 | JUMP: DR => IP | AR: 9 | IP: 9 | DR: 9 | ACC: 1089154 | NZC: 0 | TICK: 1661| CR:{'idx': 18, 'opcode': 'jmp', 'operand': 9, 'address': True, 'relative': False}
INFO INSTRUCTION: 374 | LOAD: DR => ACC | AR: 3 | IP: 10 | DR: 832040 | ACC: 832040 | NZC: 0 | TICK: 1666| CR:{'idx': 9, 'opcode': 'load', 'operand': 3, 'address': True, 'relative': False}
INFO INSTRUCTION: 375 | SUB: ACC - DR => ACC | AR: 10 | IP: 11 | DR: 4000000 | ACC: -3167960 | NZC: 100 | TICK: 1669| CR:{'idx': 10, 'opcode': 'sub', 'operand': 4000000, 'address': False, 'relative': False}
INFO INSTRUCTION: 376 | JIFN:N: DR => IP | AR: 0 | IP: 0 | DR: 0 | ACC: -3167960 | NZC: 100 | TICK: 1674| CR:{'idx': 11, 'opcode': 'jifn', 'operand': 0, 'address': True, 'relative': False}
INFO INSTRUCTION: 377 | LOAD: DR => ACC | AR: 4 | IP: 1 | DR: 1346269 | ACC: 1346269 | NZC: 0 | TICK: 1679| CR:{'idx': 0, 'opcode': 'load', 'operand': 4, 'address': True, 'relative': False}
INFO INSTRUCTION: 378 | STORE: ACC => RAM[AR] | AR: 3 | IP: 2 | DR: 1346269 | ACC: 1346269 | NZC: 0 | TICK: 1683| CR:{'idx': 1, 'opcode': 'store', 'operand': 3, 'address': True, 'relative': False}
INFO INSTRUCTION: 379 | LOAD: DR => ACC | AR: 2 | IP: 3 | DR: 832040 | ACC: 832040 | NZC: 0 | TICK: 1688| CR:{'idx': 2, 'opcode': 'load', 'operand': 2, 'address': True, 'relative': False}
INFO INSTRUCTION: 380 | ADD: ACC + DR => ACC | AR: 3 | IP: 4 | DR: 1346269 | ACC: 2178309 | NZC: 0 | TICK: 1693| CR:{'idx': 3, 'opcode': 'add', 'operand': 3, 'address': True, 'relative': False}
INFO INSTRUCTION: 381 | STORE: ACC => RAM[AR] | AR: 4 | IP: 5 | DR: 1346269 | ACC: 2178309 | NZC: 0 | TICK: 1697| CR:{'idx': 4, 'opcode': 'store', 'operand': 4, 'address': True, 'relative': False}
INFO INSTRUCTION: 382 | LOAD: DR => ACC | AR: 3 | IP: 6 | DR: 1346269 | ACC: 1346269 | NZC: 0 | TICK: 1702| CR:{'idx': 5, 'opcode': 'load', 'operand': 3, 'address': True, 'relative': False}
INFO INSTRUCTION: 383 | STORE: ACC => RAM[AR] | AR: 2 | IP: 7 | DR: 1346269 | ACC: 1346269 | NZC: 0 | TICK: 1706| CR:{'idx': 6, 'opcode': 'store', 'operand': 2, 'address': True, 'relative': False}
INFO INSTRUCTION: 384 | MOD: ACC % DR => ACC | AR: 7 | IP: 8 | DR: 2 | ACC: 1 | NZC: 0 | TICK: 1709| CR:{'idx': 7, 'opcode': 'mod', 'operand': 2, 'address': False, 'relative': False}
INFO INSTRUCTION: 385 | JIFZ: Z: DR => IP | AR: 8 | IP: 9 | DR: 2 | ACC: 1 | NZC: 0 | TICK: 1714| CR:{'idx': 8, 'opcode': 'jifz', 'operand': 15, 'address': True, 'relative': False}
INFO INSTRUCTION: 386 | LOAD: DR => ACC | AR: 3 | IP: 10 | DR: 1346269 | ACC: 1346269 | NZC: 0 | TICK: 1719| CR:{'idx': 9, 'opcode': 'load', 'operand': 3, 'address': True, 'relative': False}
INFO INSTRUCTION: 387 | SUB: ACC - DR => ACC | AR: 10 | IP: 11 | DR: 4000000 | ACC: -2653731 | NZC: 100 | TICK: 1722| CR:{'idx': 10, 'opcode': 'sub', 'operand': 4000000, 'address': False, 'relative': False}
INFO INSTRUCTION: 388 | JIFN:N: DR => IP | AR: 0 | IP: 0 | DR: 0 | ACC: -2653731 | NZC: 100 | TICK: 1727| CR:{'idx': 11, 'opcode': 'jifn', 'operand': 0, 'address': True, 'relative': False}
INFO INSTRUCTION: 389 | LOAD: DR => ACC | AR: 4 | IP: 1 | DR: 2178309 | ACC: 2178309 | NZC: 0 | TICK: 1732| CR:{'idx': 0, 'opcode': 'load', 'operand': 4, 'address': True, 'relative': False}
INFO INSTRUCTION: 390 | STORE: ACC => RAM[AR] | AR: 3 | IP: 2 | DR: 2178309 | ACC: 2178309 | NZC: 0 | TICK: 1736| CR:{'idx': 1, 'opcode': 'store', 'operand': 3, 'address': True, 'relative': False}
INFO INSTRUCTION: 391 | LOAD: DR => ACC | AR: 2 | IP: 3 | DR: 1346269 | ACC: 1346269 | NZC: 0 | TICK: 1741| CR:{'idx': 2, 'opcode': 'load', 'operand': 2, 'address': True, 'relative': False}
INFO INSTRUCTION: 392 | ADD: ACC + DR => ACC | AR: 3 | IP: 4 | DR: 2178309 | ACC: 3524578 | NZC: 0 | TICK: 1746| CR:{'idx': 3, 'opcode': 'add', 'operand': 3, 'address': True, 'relative': False}
INFO INSTRUCTION: 393 | STORE: ACC => RAM[AR] | AR: 4 | IP: 5 | DR: 2178309 | ACC: 3524578 | NZC: 0 | TICK: 1750| CR:{'idx': 4, 'opcode': 'store', 'operand': 4, 'address': True, 'relative': False}
INFO INSTRUCTION: 394 | LOAD: DR => ACC | AR: 3 | IP: 6 | DR: 2178309 | ACC: 2178309 | NZC: 0 | TICK: 1755| CR:{'idx': 5, 'opcode': 'load', 'operand': 3, 'address': True, 'relative': False}
INFO INSTRUCTION: 395 | STORE: ACC => RAM[AR] | AR: 2 | IP: 7 | DR: 2178309 | ACC: 2178309 | NZC: 0 | TICK: 1759| CR:{'idx': 6, 'opcode': 'store', 'operand': 2, 'address': True, 'relative': False}
INFO INSTRUCTION: 396 | MOD: ACC % DR => ACC | AR: 7 | IP: 8 | DR: 2 | ACC: 1 | NZC: 0 | TICK: 1762| CR:{'idx': 7, 'opcode': 'mod', 'operand': 2, 'address': False, 'relative': False}
INFO INSTRUCTION: 397 | JIFZ: Z: DR => IP | AR: 8 | IP: 9 | DR: 2 | ACC: 1 | NZC: 0 | TICK: 1767| CR:{'idx': 8, 'opcode': 'jifz', 'operand': 15, 'address': True, 'relative': False}
INFO INSTRUCTION: 398 | LOAD: DR => ACC | AR: 3 | IP: 10 | DR: 2178309 | ACC: 2178309 | NZC: 0 | TICK: 1772| CR:{'idx': 9, 'opcode': 'load', 'operand': 3, 'address': True, 'relative': False}
INFO INSTRUCTION: 399 | SUB: ACC - DR => ACC | AR: 10 | IP: 11 | DR: 4000000 | ACC: -1821691 | NZC: 100 | TICK: 1775| CR:{'idx': 10, 'opcode': 'sub', 'operand': 4000000, 'address': False, 'relative': False}
INFO INSTRUCTION: 400 | JIFN:N: DR => IP | AR: 0 | IP: 0 | DR: 0 | ACC: -1821691 | NZC: 100 | TICK: 1780| CR:{'idx': 11, 'opcode': 'jifn', 'operand': 0, 'address': True, 'relative': False}
INFO INSTRUCTION: 401 | LOAD: DR => ACC | AR: 4 | IP: 1 | DR: 3524578 | ACC: 3524578 | NZC: 0 | TICK: 1785| CR:{'idx': 0, 'opcode': 'load', 'operand': 4, 'address': True, 'relative': False}
INFO INSTRUCTION: 402 | STORE: ACC => RAM[AR] | AR: 3 | IP: 2 | DR: 3524578 | ACC: 3524578 | NZC: 0 | TICK: 1789| CR:{'idx': 1, 'opcode': 'store', 'operand': 3, 'address': True, 'relative': False}
INFO INSTRUCTION: 403 | LOAD: DR => ACC | AR: 2 | IP: 3 | DR: 2178309 | ACC: 2178309 | NZC: 0 | TICK: 1794| CR:{'idx': 2, 'opcode': 'load', 'operand': 2, 'address': True, 'relative': False}
INFO INSTRUCTION: 404 | ADD: ACC + DR => ACC | AR: 3 | IP: 4 | DR: 3524578 | ACC: 5702887 | NZC: 0 | TICK: 1799| CR:{'idx': 3, 'opcode': 'add', 'operand': 3, 'address': True, 'relative': False}
INFO INSTRUCTION: 405 | STORE: ACC => RAM[AR] | AR: 4 | IP: 5 | DR: 3524578 | ACC: 5702887 | NZC: 0 | TICK: 1803| CR:{'idx': 4, 'opcode': 'store', 'operand': 4, 'address': True, 'relative': False}
INFO INSTRUCTION: 406 | LOAD: DR => ACC | AR: 3 | IP: 6 | DR: 3524578 | ACC: 3524578 | NZC: 0 | TICK: 1808| CR:{'idx': 5, 'opcode': 'load', 'operand': 3, 'address': True, 'relative': False}
INFO INSTRUCTION: 407 | STORE: ACC => RAM[AR] | AR: 2 | IP: 7 | DR: 3524578 | ACC: 3524578 | NZC: 0 | TICK: 1812| CR:{'idx': 6, 'opcode': 'store', 'operand': 2, 'address': True, 'relative': False}
INFO INSTRUCTION: 408 | MOD: ACC % DR => ACC | AR: 7 | IP: 8 | DR: 2 | ACC: 0 | NZC: 10 | TICK: 1815| CR:{'idx': 7, 'opcode': 'mod', 'operand': 2, 'address': False, 'relative': False}
INFO INSTRUCTION: 409 | JIFZ: Z: DR => IP | AR: 15 | IP: 15 | DR: 15 | ACC: 0 | NZC: 10 | TICK: 1820| CR:{'idx': 8, 'opcode': 'jifz', 'operand': 15, 'address': True, 'relative': False}
INFO INSTRUCTION: 410 | LOAD: DR => ACC | AR: 5 | IP: 16 | DR: 1089154 | ACC: 1089154 | NZC: 0 | TICK: 1825| CR:{'idx': 15, 'opcode': 'load', 'operand': 5, 'address': True, 'relative': False}
INFO INSTRUCTION: 411 | ADD: ACC + DR => ACC | AR: 16 | IP: 17 | DR: 3524578 | ACC: 4613732 | NZC: 0 | TICK: 1830| CR:{'idx': 16, 'opcode': 'add', 'operand': 3, 'address': True, 'relative': False}
INFO INSTRUCTION: 412 | STORE: ACC => RAM[AR] | AR: 5 | IP: 18 | DR: 3524578 | ACC: 4613732 | NZC: 0 | TICK: 1834| CR:{'idx': 17, 'opcode': 'store', 'operand': 5, 'address': True, 'relative': False}
INFO INSTRUCTION: 413 | JUMP: DR => IP | AR: 9 | IP: 9 | DR: 9 | ACC: 4613732 | NZC: 0 | TICK: 1839| CR:{'idx': 18, 'opcode': 'jmp', 'operand': 9, 'address': True, 'relative': False}
INFO INSTRUCTION: 414 | LOAD: DR => ACC | AR: 3 | IP: 10 | DR: 3524578 | ACC: 3524578 | NZC: 0 | TICK: 1844| CR:{'idx': 9, 'opcode': 'load', 'operand': 3, 'address': True, 'relative': False}
INFO INSTRUCTION: 415 | SUB: ACC - DR => ACC | AR: 10 | IP: 11 | DR: 4000000 | ACC: -475422 | NZC: 100 | TICK: 1847| CR:{'idx': 10, 'opcode': 'sub', 'operand': 4000000, 'address': False, 'relative': False}
INFO INSTRUCTION: 416 | JIFN:N: DR => IP | AR: 0 | IP: 0 | DR: 0 | ACC: -475422 | NZC: 100 | TICK: 1852| CR:{'idx': 11, 'opcode': 'jifn', 'operand': 0, 'address': True, 'relative': False}
INFO INSTRUCTION: 417 | LOAD: DR => ACC | AR: 4 | IP: 1 | DR: 5702887 | ACC: 5702887 | NZC: 0 | TICK: 1857| CR:{'idx': 0, 'opcode': 'load', 'operand': 4, 'address': True, 'relative': False}
INFO INSTRUCTION: 418 | STORE: ACC => RAM[AR] | AR: 3 | IP: 2 | DR: 5702887 | ACC: 5702887 | NZC: 0 | TICK: 1861| CR:{'idx': 1, 'opcode': 'store', 'operand': 3, 'address': True, 'relative': False}
INFO INSTRUCTION: 419 | LOAD: DR => ACC | AR: 2 | IP: 3 | DR: 3524578 | ACC: 3524578 | NZC: 0 | TICK: 1866| CR:{'idx': 2, 'opcode': 'load', 'operand': 2, 'address': True, 'relative': False}
INFO INSTRUCTION: 420 | ADD: ACC + DR => ACC | AR: 3 | IP: 4 | DR: 5702887 | ACC: 9227465 | NZC: 0 | TICK: 1871| CR:{'idx': 3, 'opcode': 'add', 'operand': 3, 'address': True, 'relative': False}
INFO INSTRUCTION: 421 | STORE: ACC => RAM[AR] | AR: 4 | IP: 5 | DR: 5702887 | ACC: 9227465 | NZC: 0 | TICK: 1875| CR:{'idx': 4, 'opcode': 'store', 'operand': 4, 'address': True, 'relative': False}
INFO INSTRUCTION: 422 | LOAD: DR => ACC | AR: 3 | IP: 6 | DR: 5702887 | ACC: 5702887 | NZC: 0 | TICK: 1880| CR:{'idx': 5, 'opcode': 'load', 'operand': 3, 'address': True, 'relative': False}
INFO INSTRUCTION: 423 | STORE: ACC => RAM[AR] | AR: 2 | IP: 7 | DR: 5702887 | ACC: 5702887 | NZC: 0 | TICK: 1884| CR:{'idx': 6, 'opcode': 'store', 'operand': 2, 'address': True, 'relative': False}
INFO INSTRUCTION: 424 | MOD: ACC % DR => ACC | AR: 7 | IP: 8 | DR: 2 | ACC: 1 | NZC: 0 | TICK: 1887| CR:{'idx': 7, 'opcode': 'mod', 'operand': 2, 'address': False, 'relative': False}
INFO INSTRUCTION: 425 | JIFZ: Z: DR => IP | AR: 8 | IP: 9 | DR: 2 | ACC: 1 | NZC: 0 | TICK: 1892| CR:{'idx': 8, 'opcode': 'jifz', 'operand': 15, 'address': True, 'relative': False}
INFO INSTRUCTION: 426 | LOAD: DR => ACC | AR: 3 | IP: 10 | DR: 5702887 | ACC: 5702887 | NZC: 0 | TICK: 1897| CR:{'idx': 9, 'opcode': 'load', 'operand': 3, 'address': True, 'relative': False}
INFO INSTRUCTION: 427 | SUB: ACC - DR => ACC | AR: 10 | IP: 11 | DR: 4000000 | ACC: 1702887 | NZC: 0 | TICK: 1900| CR:{'idx': 10, 'opcode': 'sub', 'operand': 4000000, 'address': False, 'relative': False}
INFO INSTRUCTION: 428 | JIFN:N: DR => IP | AR: 11 | IP: 12 | DR: 4000000 | ACC: 1702887 | NZC: 0 | TICK: 1905| CR:{'idx': 11, 'opcode': 'jifn', 'operand': 0, 'address': True, 'relative': False}
INFO INSTRUCTION: 429 | LOAD: DR => ACC | AR: 5 | IP: 13 | DR: 4613732 | ACC: 4613732 | NZC: 0 | TICK: 1910| CR:{'idx': 12, 'opcode': 'load', 'operand': 5, 'address': True, 'relative': False}
INFO INSTRUCTION: 430 | STORE: ACC => RAM[AR] | AR: 1 | IP: 14 | DR: 4613732 | ACC: 4613732 | NZC: 0 | TICK: 1914| CR:{'idx': 13, 'opcode': 'store', 'operand': 1, 'address': True, 'relative': False}
INFO INSTRUCTION: 431 | HLT | AR: 14 | IP: 15 | DR: 4613732 | ACC: 4613732 | NZC: 0 | TICK: 1915| CR:{'idx': 14, 'opcode': 'hlt', 'operand': None, 'address': False, 'relative': False}
INFO [4613732]
